2020-10-15 21:37:59 [88.201.189.61][-][-][warning][yii\debug\Module::checkAccess] Access to debugger is denied due to IP address restriction. The requesting IP address is 88.201.189.61
    in /home/users/j/j630456/domains/test-wed.kusok-piro.ga/views/layouts/main.php:47
    in /home/users/j/j630456/domains/test-wed.kusok-piro.ga/controllers/SiteController.php:67
2020-10-15 21:37:59 [88.201.189.61][-][-][warning][yii\debug\Module::checkAccess] Access to debugger is denied due to IP address restriction. The requesting IP address is 88.201.189.61
2020-10-15 21:37:58 [88.201.189.61][-][-][info][application] $_GET = []

$_POST = []

$_FILES = []

$_COOKIE = [
    '_csrf' => '06f479efcce2e8ef6b150766b6dc63d5bbf24f54ae67b532db5c1290a580e4e2a:2:{i:0;s:5:\"_csrf\";i:1;s:32:\"hFTUC52ZFsW2BX4pT1s5a8xeIK4Ed39Q\";}'
]

$_SERVER = [
    'REDIRECT_HTTPS' => 'on'
    'REDIRECT_downgrade-1_0' => ''
    'REDIRECT_suppress-error-charset' => ''
    'REDIRECT_STATUS' => '200'
    'HTTPS' => 'on'
    'downgrade-1_0' => ''
    'suppress-error-charset' => ''
    'HTTP_HOST' => 'test-wed.kusok-piro.ga'
    'HTTP_X_REAL_IP' => '88.201.189.61'
    'HTTP_X_PROTOCOL' => 'HTTP/2.0'
    'HTTP_X_SERVER_IP' => '81.177.6.233'
    'HTTP_X_FORWARDED_FOR' => '88.201.189.61'
    'HTTP_X_FORWARDED_PROTOCOL' => 'https'
    'HTTP_CONNECTION' => 'close'
    'HTTP_USER_AGENT' => 'Mozilla/5.0 (Windows NT 10.0; Win64; x64; rv:81.0) Gecko/20100101 Firefox/81.0'
    'HTTP_ACCEPT' => 'text/html,application/xhtml+xml,application/xml;q=0.9,image/webp,*/*;q=0.8'
    'HTTP_ACCEPT_LANGUAGE' => 'ru-RU,ru;q=0.8,en-US;q=0.5,en;q=0.3'
    'HTTP_ACCEPT_ENCODING' => 'gzip, deflate, br'
    'HTTP_REFERER' => 'https://test-wed.kusok-piro.ga/'
    'HTTP_UPGRADE_INSECURE_REQUESTS' => '1'
    'HTTP_CACHE_CONTROL' => 'max-age=0'
    'HTTP_COOKIE' => '_csrf=06f479efcce2e8ef6b150766b6dc63d5bbf24f54ae67b532db5c1290a580e4e2a%3A2%3A%7Bi%3A0%3Bs%3A5%3A%22_csrf%22%3Bi%3A1%3Bs%3A32%3A%22hFTUC52ZFsW2BX4pT1s5a8xeIK4Ed39Q%22%3B%7D'
    'PATH' => '/usr/bin:/bin:/usr/local/bin'
    'SERVER_SIGNATURE' => ''
    'SERVER_SOFTWARE' => 'Apache'
    'SERVER_NAME' => 'test-wed.kusok-piro.ga'
    'SERVER_ADDR' => '81.177.6.233'
    'SERVER_PORT' => '80'
    'REMOTE_ADDR' => '88.201.189.61'
    'DOCUMENT_ROOT' => '/home/users/j/j630456/domains/test-wed.kusok-piro.ga'
    'SERVER_ADMIN' => 'info@jino.ru'
    'SCRIPT_FILENAME' => '/home/users/j/j630456/domains/test-wed.kusok-piro.ga/web/index.php'
    'REMOTE_PORT' => '48930'
    'REDIRECT_URL' => '/'
    'GATEWAY_INTERFACE' => 'CGI/1.1'
    'SERVER_PROTOCOL' => 'HTTP/1.0'
    'REQUEST_METHOD' => 'GET'
    'QUERY_STRING' => ''
    'REQUEST_URI' => '/'
    'SCRIPT_NAME' => '/web/index.php'
    'PHP_SELF' => '/web/index.php'
    'REQUEST_TIME_FLOAT' => 1602787078.761
    'REQUEST_TIME' => 1602787078
]
2020-10-15 21:38:02 [88.201.189.61][-][-][warning][yii\debug\Module::checkAccess] Access to debugger is denied due to IP address restriction. The requesting IP address is 88.201.189.61
    in /home/users/j/j630456/domains/test-wed.kusok-piro.ga/views/layouts/main.php:47
    in /home/users/j/j630456/domains/test-wed.kusok-piro.ga/controllers/SiteController.php:67
2020-10-15 21:38:02 [88.201.189.61][-][-][warning][yii\debug\Module::checkAccess] Access to debugger is denied due to IP address restriction. The requesting IP address is 88.201.189.61
2020-10-15 21:38:02 [88.201.189.61][-][-][info][application] $_GET = []

$_POST = []

$_FILES = []

$_COOKIE = [
    '_csrf' => '06f479efcce2e8ef6b150766b6dc63d5bbf24f54ae67b532db5c1290a580e4e2a:2:{i:0;s:5:\"_csrf\";i:1;s:32:\"hFTUC52ZFsW2BX4pT1s5a8xeIK4Ed39Q\";}'
]

$_SERVER = [
    'REDIRECT_HTTPS' => 'on'
    'REDIRECT_downgrade-1_0' => ''
    'REDIRECT_suppress-error-charset' => ''
    'REDIRECT_STATUS' => '200'
    'HTTPS' => 'on'
    'downgrade-1_0' => ''
    'suppress-error-charset' => ''
    'HTTP_HOST' => 'test-wed.kusok-piro.ga'
    'HTTP_X_REAL_IP' => '88.201.189.61'
    'HTTP_X_PROTOCOL' => 'HTTP/2.0'
    'HTTP_X_SERVER_IP' => '81.177.6.233'
    'HTTP_X_FORWARDED_FOR' => '88.201.189.61'
    'HTTP_X_FORWARDED_PROTOCOL' => 'https'
    'HTTP_CONNECTION' => 'close'
    'HTTP_USER_AGENT' => 'Mozilla/5.0 (Windows NT 10.0; Win64; x64; rv:81.0) Gecko/20100101 Firefox/81.0'
    'HTTP_ACCEPT' => 'text/html,application/xhtml+xml,application/xml;q=0.9,image/webp,*/*;q=0.8'
    'HTTP_ACCEPT_LANGUAGE' => 'ru-RU,ru;q=0.8,en-US;q=0.5,en;q=0.3'
    'HTTP_ACCEPT_ENCODING' => 'gzip, deflate, br'
    'HTTP_REFERER' => 'https://test-wed.kusok-piro.ga/'
    'HTTP_UPGRADE_INSECURE_REQUESTS' => '1'
    'HTTP_COOKIE' => '_csrf=06f479efcce2e8ef6b150766b6dc63d5bbf24f54ae67b532db5c1290a580e4e2a%3A2%3A%7Bi%3A0%3Bs%3A5%3A%22_csrf%22%3Bi%3A1%3Bs%3A32%3A%22hFTUC52ZFsW2BX4pT1s5a8xeIK4Ed39Q%22%3B%7D'
    'PATH' => '/usr/bin:/bin:/usr/local/bin'
    'SERVER_SIGNATURE' => ''
    'SERVER_SOFTWARE' => 'Apache'
    'SERVER_NAME' => 'test-wed.kusok-piro.ga'
    'SERVER_ADDR' => '81.177.6.233'
    'SERVER_PORT' => '80'
    'REMOTE_ADDR' => '88.201.189.61'
    'DOCUMENT_ROOT' => '/home/users/j/j630456/domains/test-wed.kusok-piro.ga'
    'SERVER_ADMIN' => 'info@jino.ru'
    'SCRIPT_FILENAME' => '/home/users/j/j630456/domains/test-wed.kusok-piro.ga/web/index.php'
    'REMOTE_PORT' => '49762'
    'REDIRECT_URL' => '/album/'
    'GATEWAY_INTERFACE' => 'CGI/1.1'
    'SERVER_PROTOCOL' => 'HTTP/1.0'
    'REQUEST_METHOD' => 'GET'
    'QUERY_STRING' => ''
    'REQUEST_URI' => '/album/'
    'SCRIPT_NAME' => '/web/index.php'
    'PHP_SELF' => '/web/index.php'
    'REQUEST_TIME_FLOAT' => 1602787082.149
    'REQUEST_TIME' => 1602787082
]
2020-10-15 21:38:02 [88.201.189.61][-][-][warning][yii\debug\Module::checkAccess] Access to debugger is denied due to IP address restriction. The requesting IP address is 88.201.189.61
    in /home/users/j/j630456/domains/test-wed.kusok-piro.ga/views/layouts/main.php:47
    in /home/users/j/j630456/domains/test-wed.kusok-piro.ga/controllers/SiteController.php:67
2020-10-15 21:38:02 [88.201.189.61][-][-][warning][yii\debug\Module::checkAccess] Access to debugger is denied due to IP address restriction. The requesting IP address is 88.201.189.61
2020-10-15 21:38:02 [88.201.189.61][-][-][info][application] $_GET = []

$_POST = []

$_FILES = []

$_COOKIE = [
    '_csrf' => '06f479efcce2e8ef6b150766b6dc63d5bbf24f54ae67b532db5c1290a580e4e2a:2:{i:0;s:5:\"_csrf\";i:1;s:32:\"hFTUC52ZFsW2BX4pT1s5a8xeIK4Ed39Q\";}'
]

$_SERVER = [
    'REDIRECT_dontlog' => '1'
    'REDIRECT_HTTPS' => 'on'
    'REDIRECT_downgrade-1_0' => ''
    'REDIRECT_suppress-error-charset' => ''
    'REDIRECT_STATUS' => '200'
    'HTTPS' => 'on'
    'downgrade-1_0' => ''
    'suppress-error-charset' => ''
    'HTTP_HOST' => 'test-wed.kusok-piro.ga'
    'HTTP_X_REAL_IP' => '88.201.189.61'
    'HTTP_X_PROTOCOL' => 'HTTP/2.0'
    'HTTP_X_SERVER_IP' => '81.177.6.233'
    'HTTP_X_FORWARDED_FOR' => '88.201.189.61'
    'HTTP_X_FORWARDED_PROTOCOL' => 'https'
    'HTTP_CONNECTION' => 'close'
    'HTTP_USER_AGENT' => 'Mozilla/5.0 (Windows NT 10.0; Win64; x64; rv:81.0) Gecko/20100101 Firefox/81.0'
    'HTTP_ACCEPT' => 'image/webp,*/*'
    'HTTP_ACCEPT_LANGUAGE' => 'ru-RU,ru;q=0.8,en-US;q=0.5,en;q=0.3'
    'HTTP_ACCEPT_ENCODING' => 'gzip, deflate, br'
    'HTTP_REFERER' => 'https://test-wed.kusok-piro.ga/album/'
    'HTTP_COOKIE' => '_csrf=06f479efcce2e8ef6b150766b6dc63d5bbf24f54ae67b532db5c1290a580e4e2a%3A2%3A%7Bi%3A0%3Bs%3A5%3A%22_csrf%22%3Bi%3A1%3Bs%3A32%3A%22hFTUC52ZFsW2BX4pT1s5a8xeIK4Ed39Q%22%3B%7D'
    'PATH' => '/usr/bin:/bin:/usr/local/bin'
    'SERVER_SIGNATURE' => ''
    'SERVER_SOFTWARE' => 'Apache'
    'SERVER_NAME' => 'test-wed.kusok-piro.ga'
    'SERVER_ADDR' => '81.177.6.233'
    'SERVER_PORT' => '80'
    'REMOTE_ADDR' => '88.201.189.61'
    'DOCUMENT_ROOT' => '/home/users/j/j630456/domains/test-wed.kusok-piro.ga'
    'SERVER_ADMIN' => 'info@jino.ru'
    'SCRIPT_FILENAME' => '/home/users/j/j630456/domains/test-wed.kusok-piro.ga/web/index.php'
    'REMOTE_PORT' => '49894'
    'REDIRECT_URL' => '/album/images/Add_Circle_Plus.png'
    'GATEWAY_INTERFACE' => 'CGI/1.1'
    'SERVER_PROTOCOL' => 'HTTP/1.0'
    'REQUEST_METHOD' => 'GET'
    'QUERY_STRING' => ''
    'REQUEST_URI' => '/album/images/Add_Circle_Plus.png'
    'SCRIPT_NAME' => '/web/index.php'
    'PHP_SELF' => '/web/index.php'
    'REQUEST_TIME_FLOAT' => 1602787082.459
    'REQUEST_TIME' => 1602787082
]
2020-10-15 21:38:04 [88.201.189.61][-][-][warning][yii\debug\Module::checkAccess] Access to debugger is denied due to IP address restriction. The requesting IP address is 88.201.189.61
    in /home/users/j/j630456/domains/test-wed.kusok-piro.ga/views/layouts/main.php:47
    in /home/users/j/j630456/domains/test-wed.kusok-piro.ga/controllers/SiteController.php:67
2020-10-15 21:38:04 [88.201.189.61][-][-][warning][yii\debug\Module::checkAccess] Access to debugger is denied due to IP address restriction. The requesting IP address is 88.201.189.61
2020-10-15 21:38:04 [88.201.189.61][-][-][info][application] $_GET = []

$_POST = []

$_FILES = []

$_COOKIE = [
    '_csrf' => '06f479efcce2e8ef6b150766b6dc63d5bbf24f54ae67b532db5c1290a580e4e2a:2:{i:0;s:5:\"_csrf\";i:1;s:32:\"hFTUC52ZFsW2BX4pT1s5a8xeIK4Ed39Q\";}'
]

$_SERVER = [
    'REDIRECT_HTTPS' => 'on'
    'REDIRECT_downgrade-1_0' => ''
    'REDIRECT_suppress-error-charset' => ''
    'REDIRECT_STATUS' => '200'
    'HTTPS' => 'on'
    'downgrade-1_0' => ''
    'suppress-error-charset' => ''
    'HTTP_HOST' => 'test-wed.kusok-piro.ga'
    'HTTP_X_REAL_IP' => '88.201.189.61'
    'HTTP_X_PROTOCOL' => 'HTTP/2.0'
    'HTTP_X_SERVER_IP' => '81.177.6.233'
    'HTTP_X_FORWARDED_FOR' => '88.201.189.61'
    'HTTP_X_FORWARDED_PROTOCOL' => 'https'
    'HTTP_CONNECTION' => 'close'
    'HTTP_USER_AGENT' => 'Mozilla/5.0 (Windows NT 10.0; Win64; x64; rv:81.0) Gecko/20100101 Firefox/81.0'
    'HTTP_ACCEPT' => 'text/html,application/xhtml+xml,application/xml;q=0.9,image/webp,*/*;q=0.8'
    'HTTP_ACCEPT_LANGUAGE' => 'ru-RU,ru;q=0.8,en-US;q=0.5,en;q=0.3'
    'HTTP_ACCEPT_ENCODING' => 'gzip, deflate, br'
    'HTTP_REFERER' => 'https://test-wed.kusok-piro.ga/album/'
    'HTTP_UPGRADE_INSECURE_REQUESTS' => '1'
    'HTTP_COOKIE' => '_csrf=06f479efcce2e8ef6b150766b6dc63d5bbf24f54ae67b532db5c1290a580e4e2a%3A2%3A%7Bi%3A0%3Bs%3A5%3A%22_csrf%22%3Bi%3A1%3Bs%3A32%3A%22hFTUC52ZFsW2BX4pT1s5a8xeIK4Ed39Q%22%3B%7D'
    'PATH' => '/usr/bin:/bin:/usr/local/bin'
    'SERVER_SIGNATURE' => ''
    'SERVER_SOFTWARE' => 'Apache'
    'SERVER_NAME' => 'test-wed.kusok-piro.ga'
    'SERVER_ADDR' => '81.177.6.233'
    'SERVER_PORT' => '80'
    'REMOTE_ADDR' => '88.201.189.61'
    'DOCUMENT_ROOT' => '/home/users/j/j630456/domains/test-wed.kusok-piro.ga'
    'SERVER_ADMIN' => 'info@jino.ru'
    'SCRIPT_FILENAME' => '/home/users/j/j630456/domains/test-wed.kusok-piro.ga/web/index.php'
    'REMOTE_PORT' => '50278'
    'REDIRECT_URL' => '/album/'
    'GATEWAY_INTERFACE' => 'CGI/1.1'
    'SERVER_PROTOCOL' => 'HTTP/1.0'
    'REQUEST_METHOD' => 'GET'
    'QUERY_STRING' => ''
    'REQUEST_URI' => '/album/'
    'SCRIPT_NAME' => '/web/index.php'
    'PHP_SELF' => '/web/index.php'
    'REQUEST_TIME_FLOAT' => 1602787084.586
    'REQUEST_TIME' => 1602787084
]
2020-10-15 21:38:04 [88.201.189.61][-][-][warning][yii\debug\Module::checkAccess] Access to debugger is denied due to IP address restriction. The requesting IP address is 88.201.189.61
    in /home/users/j/j630456/domains/test-wed.kusok-piro.ga/views/layouts/main.php:47
    in /home/users/j/j630456/domains/test-wed.kusok-piro.ga/controllers/SiteController.php:67
2020-10-15 21:38:05 [88.201.189.61][-][-][warning][yii\debug\Module::checkAccess] Access to debugger is denied due to IP address restriction. The requesting IP address is 88.201.189.61
2020-10-15 21:38:04 [88.201.189.61][-][-][info][application] $_GET = []

$_POST = []

$_FILES = []

$_COOKIE = [
    '_csrf' => '06f479efcce2e8ef6b150766b6dc63d5bbf24f54ae67b532db5c1290a580e4e2a:2:{i:0;s:5:\"_csrf\";i:1;s:32:\"hFTUC52ZFsW2BX4pT1s5a8xeIK4Ed39Q\";}'
]

$_SERVER = [
    'REDIRECT_dontlog' => '1'
    'REDIRECT_HTTPS' => 'on'
    'REDIRECT_downgrade-1_0' => ''
    'REDIRECT_suppress-error-charset' => ''
    'REDIRECT_STATUS' => '200'
    'HTTPS' => 'on'
    'downgrade-1_0' => ''
    'suppress-error-charset' => ''
    'HTTP_HOST' => 'test-wed.kusok-piro.ga'
    'HTTP_X_REAL_IP' => '88.201.189.61'
    'HTTP_X_PROTOCOL' => 'HTTP/2.0'
    'HTTP_X_SERVER_IP' => '81.177.6.233'
    'HTTP_X_FORWARDED_FOR' => '88.201.189.61'
    'HTTP_X_FORWARDED_PROTOCOL' => 'https'
    'HTTP_CONNECTION' => 'close'
    'HTTP_USER_AGENT' => 'Mozilla/5.0 (Windows NT 10.0; Win64; x64; rv:81.0) Gecko/20100101 Firefox/81.0'
    'HTTP_ACCEPT' => 'image/webp,*/*'
    'HTTP_ACCEPT_LANGUAGE' => 'ru-RU,ru;q=0.8,en-US;q=0.5,en;q=0.3'
    'HTTP_ACCEPT_ENCODING' => 'gzip, deflate, br'
    'HTTP_REFERER' => 'https://test-wed.kusok-piro.ga/album/'
    'HTTP_COOKIE' => '_csrf=06f479efcce2e8ef6b150766b6dc63d5bbf24f54ae67b532db5c1290a580e4e2a%3A2%3A%7Bi%3A0%3Bs%3A5%3A%22_csrf%22%3Bi%3A1%3Bs%3A32%3A%22hFTUC52ZFsW2BX4pT1s5a8xeIK4Ed39Q%22%3B%7D'
    'PATH' => '/usr/bin:/bin:/usr/local/bin'
    'SERVER_SIGNATURE' => ''
    'SERVER_SOFTWARE' => 'Apache'
    'SERVER_NAME' => 'test-wed.kusok-piro.ga'
    'SERVER_ADDR' => '81.177.6.233'
    'SERVER_PORT' => '80'
    'REMOTE_ADDR' => '88.201.189.61'
    'DOCUMENT_ROOT' => '/home/users/j/j630456/domains/test-wed.kusok-piro.ga'
    'SERVER_ADMIN' => 'info@jino.ru'
    'SCRIPT_FILENAME' => '/home/users/j/j630456/domains/test-wed.kusok-piro.ga/web/index.php'
    'REMOTE_PORT' => '50340'
    'REDIRECT_URL' => '/album/images/Add_Circle_Plus.png'
    'GATEWAY_INTERFACE' => 'CGI/1.1'
    'SERVER_PROTOCOL' => 'HTTP/1.0'
    'REQUEST_METHOD' => 'GET'
    'QUERY_STRING' => ''
    'REQUEST_URI' => '/album/images/Add_Circle_Plus.png'
    'SCRIPT_NAME' => '/web/index.php'
    'PHP_SELF' => '/web/index.php'
    'REQUEST_TIME_FLOAT' => 1602787084.933
    'REQUEST_TIME' => 1602787084
]
2020-10-15 21:38:09 [88.201.189.61][-][-][warning][yii\debug\Module::checkAccess] Access to debugger is denied due to IP address restriction. The requesting IP address is 88.201.189.61
    in /home/users/j/j630456/domains/test-wed.kusok-piro.ga/views/layouts/main.php:47
    in /home/users/j/j630456/domains/test-wed.kusok-piro.ga/controllers/SiteController.php:67
2020-10-15 21:38:09 [88.201.189.61][-][-][warning][yii\debug\Module::checkAccess] Access to debugger is denied due to IP address restriction. The requesting IP address is 88.201.189.61
2020-10-15 21:38:09 [88.201.189.61][-][-][info][application] $_GET = []

$_POST = []

$_FILES = []

$_COOKIE = [
    '_csrf' => '06f479efcce2e8ef6b150766b6dc63d5bbf24f54ae67b532db5c1290a580e4e2a:2:{i:0;s:5:\"_csrf\";i:1;s:32:\"hFTUC52ZFsW2BX4pT1s5a8xeIK4Ed39Q\";}'
]

$_SERVER = [
    'REDIRECT_HTTPS' => 'on'
    'REDIRECT_downgrade-1_0' => ''
    'REDIRECT_suppress-error-charset' => ''
    'REDIRECT_STATUS' => '200'
    'HTTPS' => 'on'
    'downgrade-1_0' => ''
    'suppress-error-charset' => ''
    'HTTP_HOST' => 'test-wed.kusok-piro.ga'
    'HTTP_X_REAL_IP' => '88.201.189.61'
    'HTTP_X_PROTOCOL' => 'HTTP/2.0'
    'HTTP_X_SERVER_IP' => '81.177.6.233'
    'HTTP_X_FORWARDED_FOR' => '88.201.189.61'
    'HTTP_X_FORWARDED_PROTOCOL' => 'https'
    'HTTP_CONNECTION' => 'close'
    'HTTP_USER_AGENT' => 'Mozilla/5.0 (Windows NT 10.0; Win64; x64; rv:81.0) Gecko/20100101 Firefox/81.0'
    'HTTP_ACCEPT' => 'text/html,application/xhtml+xml,application/xml;q=0.9,image/webp,*/*;q=0.8'
    'HTTP_ACCEPT_LANGUAGE' => 'ru-RU,ru;q=0.8,en-US;q=0.5,en;q=0.3'
    'HTTP_ACCEPT_ENCODING' => 'gzip, deflate, br'
    'HTTP_UPGRADE_INSECURE_REQUESTS' => '1'
    'HTTP_COOKIE' => '_csrf=06f479efcce2e8ef6b150766b6dc63d5bbf24f54ae67b532db5c1290a580e4e2a%3A2%3A%7Bi%3A0%3Bs%3A5%3A%22_csrf%22%3Bi%3A1%3Bs%3A32%3A%22hFTUC52ZFsW2BX4pT1s5a8xeIK4Ed39Q%22%3B%7D'
    'PATH' => '/usr/bin:/bin:/usr/local/bin'
    'SERVER_SIGNATURE' => ''
    'SERVER_SOFTWARE' => 'Apache'
    'SERVER_NAME' => 'test-wed.kusok-piro.ga'
    'SERVER_ADDR' => '81.177.6.233'
    'SERVER_PORT' => '80'
    'REMOTE_ADDR' => '88.201.189.61'
    'DOCUMENT_ROOT' => '/home/users/j/j630456/domains/test-wed.kusok-piro.ga'
    'SERVER_ADMIN' => 'info@jino.ru'
    'SCRIPT_FILENAME' => '/home/users/j/j630456/domains/test-wed.kusok-piro.ga/web/index.php'
    'REMOTE_PORT' => '52232'
    'REDIRECT_URL' => '/album/'
    'GATEWAY_INTERFACE' => 'CGI/1.1'
    'SERVER_PROTOCOL' => 'HTTP/1.0'
    'REQUEST_METHOD' => 'GET'
    'QUERY_STRING' => ''
    'REQUEST_URI' => '/album/'
    'SCRIPT_NAME' => '/web/index.php'
    'PHP_SELF' => '/web/index.php'
    'REQUEST_TIME_FLOAT' => 1602787089.398
    'REQUEST_TIME' => 1602787089
]
2020-10-15 21:38:09 [88.201.189.61][-][-][warning][yii\debug\Module::checkAccess] Access to debugger is denied due to IP address restriction. The requesting IP address is 88.201.189.61
    in /home/users/j/j630456/domains/test-wed.kusok-piro.ga/views/layouts/main.php:47
    in /home/users/j/j630456/domains/test-wed.kusok-piro.ga/controllers/SiteController.php:67
2020-10-15 21:38:09 [88.201.189.61][-][-][warning][yii\debug\Module::checkAccess] Access to debugger is denied due to IP address restriction. The requesting IP address is 88.201.189.61
2020-10-15 21:38:09 [88.201.189.61][-][-][info][application] $_GET = []

$_POST = []

$_FILES = []

$_COOKIE = [
    '_csrf' => '06f479efcce2e8ef6b150766b6dc63d5bbf24f54ae67b532db5c1290a580e4e2a:2:{i:0;s:5:\"_csrf\";i:1;s:32:\"hFTUC52ZFsW2BX4pT1s5a8xeIK4Ed39Q\";}'
]

$_SERVER = [
    'REDIRECT_dontlog' => '1'
    'REDIRECT_HTTPS' => 'on'
    'REDIRECT_downgrade-1_0' => ''
    'REDIRECT_suppress-error-charset' => ''
    'REDIRECT_STATUS' => '200'
    'HTTPS' => 'on'
    'downgrade-1_0' => ''
    'suppress-error-charset' => ''
    'HTTP_HOST' => 'test-wed.kusok-piro.ga'
    'HTTP_X_REAL_IP' => '88.201.189.61'
    'HTTP_X_PROTOCOL' => 'HTTP/2.0'
    'HTTP_X_SERVER_IP' => '81.177.6.233'
    'HTTP_X_FORWARDED_FOR' => '88.201.189.61'
    'HTTP_X_FORWARDED_PROTOCOL' => 'https'
    'HTTP_CONNECTION' => 'close'
    'HTTP_USER_AGENT' => 'Mozilla/5.0 (Windows NT 10.0; Win64; x64; rv:81.0) Gecko/20100101 Firefox/81.0'
    'HTTP_ACCEPT' => 'image/webp,*/*'
    'HTTP_ACCEPT_LANGUAGE' => 'ru-RU,ru;q=0.8,en-US;q=0.5,en;q=0.3'
    'HTTP_ACCEPT_ENCODING' => 'gzip, deflate, br'
    'HTTP_REFERER' => 'https://test-wed.kusok-piro.ga/album/'
    'HTTP_COOKIE' => '_csrf=06f479efcce2e8ef6b150766b6dc63d5bbf24f54ae67b532db5c1290a580e4e2a%3A2%3A%7Bi%3A0%3Bs%3A5%3A%22_csrf%22%3Bi%3A1%3Bs%3A32%3A%22hFTUC52ZFsW2BX4pT1s5a8xeIK4Ed39Q%22%3B%7D'
    'PATH' => '/usr/bin:/bin:/usr/local/bin'
    'SERVER_SIGNATURE' => ''
    'SERVER_SOFTWARE' => 'Apache'
    'SERVER_NAME' => 'test-wed.kusok-piro.ga'
    'SERVER_ADDR' => '81.177.6.233'
    'SERVER_PORT' => '80'
    'REMOTE_ADDR' => '88.201.189.61'
    'DOCUMENT_ROOT' => '/home/users/j/j630456/domains/test-wed.kusok-piro.ga'
    'SERVER_ADMIN' => 'info@jino.ru'
    'SCRIPT_FILENAME' => '/home/users/j/j630456/domains/test-wed.kusok-piro.ga/web/index.php'
    'REMOTE_PORT' => '52284'
    'REDIRECT_URL' => '/album/images/Add_Circle_Plus.png'
    'GATEWAY_INTERFACE' => 'CGI/1.1'
    'SERVER_PROTOCOL' => 'HTTP/1.0'
    'REQUEST_METHOD' => 'GET'
    'QUERY_STRING' => ''
    'REQUEST_URI' => '/album/images/Add_Circle_Plus.png'
    'SCRIPT_NAME' => '/web/index.php'
    'PHP_SELF' => '/web/index.php'
    'REQUEST_TIME_FLOAT' => 1602787089.631
    'REQUEST_TIME' => 1602787089
]
2020-10-15 21:38:59 [88.201.189.61][-][-][warning][yii\debug\Module::checkAccess] Access to debugger is denied due to IP address restriction. The requesting IP address is 88.201.189.61
    in /home/users/j/j630456/domains/test-wed.kusok-piro.ga/views/layouts/main.php:47
    in /home/users/j/j630456/domains/test-wed.kusok-piro.ga/controllers/SiteController.php:67
2020-10-15 21:38:59 [88.201.189.61][-][-][warning][yii\debug\Module::checkAccess] Access to debugger is denied due to IP address restriction. The requesting IP address is 88.201.189.61
2020-10-15 21:38:59 [88.201.189.61][-][-][info][application] $_GET = []

$_POST = []

$_FILES = []

$_COOKIE = [
    '_csrf' => '06f479efcce2e8ef6b150766b6dc63d5bbf24f54ae67b532db5c1290a580e4e2a:2:{i:0;s:5:\"_csrf\";i:1;s:32:\"hFTUC52ZFsW2BX4pT1s5a8xeIK4Ed39Q\";}'
]

$_SERVER = [
    'REDIRECT_HTTPS' => 'on'
    'REDIRECT_downgrade-1_0' => ''
    'REDIRECT_suppress-error-charset' => ''
    'REDIRECT_STATUS' => '200'
    'HTTPS' => 'on'
    'downgrade-1_0' => ''
    'suppress-error-charset' => ''
    'HTTP_HOST' => 'test-wed.kusok-piro.ga'
    'HTTP_X_REAL_IP' => '88.201.189.61'
    'HTTP_X_PROTOCOL' => 'HTTP/2.0'
    'HTTP_X_SERVER_IP' => '81.177.6.233'
    'HTTP_X_FORWARDED_FOR' => '88.201.189.61'
    'HTTP_X_FORWARDED_PROTOCOL' => 'https'
    'HTTP_CONNECTION' => 'close'
    'HTTP_USER_AGENT' => 'Mozilla/5.0 (Windows NT 10.0; Win64; x64; rv:81.0) Gecko/20100101 Firefox/81.0'
    'HTTP_ACCEPT' => 'text/html,application/xhtml+xml,application/xml;q=0.9,image/webp,*/*;q=0.8'
    'HTTP_ACCEPT_LANGUAGE' => 'ru-RU,ru;q=0.8,en-US;q=0.5,en;q=0.3'
    'HTTP_ACCEPT_ENCODING' => 'gzip, deflate, br'
    'HTTP_UPGRADE_INSECURE_REQUESTS' => '1'
    'HTTP_CACHE_CONTROL' => 'max-age=0'
    'HTTP_COOKIE' => '_csrf=06f479efcce2e8ef6b150766b6dc63d5bbf24f54ae67b532db5c1290a580e4e2a%3A2%3A%7Bi%3A0%3Bs%3A5%3A%22_csrf%22%3Bi%3A1%3Bs%3A32%3A%22hFTUC52ZFsW2BX4pT1s5a8xeIK4Ed39Q%22%3B%7D'
    'PATH' => '/usr/bin:/bin:/usr/local/bin'
    'SERVER_SIGNATURE' => ''
    'SERVER_SOFTWARE' => 'Apache'
    'SERVER_NAME' => 'test-wed.kusok-piro.ga'
    'SERVER_ADDR' => '81.177.6.233'
    'SERVER_PORT' => '80'
    'REMOTE_ADDR' => '88.201.189.61'
    'DOCUMENT_ROOT' => '/home/users/j/j630456/domains/test-wed.kusok-piro.ga'
    'SERVER_ADMIN' => 'info@jino.ru'
    'SCRIPT_FILENAME' => '/home/users/j/j630456/domains/test-wed.kusok-piro.ga/web/index.php'
    'REMOTE_PORT' => '35010'
    'REDIRECT_URL' => '/album/'
    'GATEWAY_INTERFACE' => 'CGI/1.1'
    'SERVER_PROTOCOL' => 'HTTP/1.0'
    'REQUEST_METHOD' => 'GET'
    'QUERY_STRING' => ''
    'REQUEST_URI' => '/album/'
    'SCRIPT_NAME' => '/web/index.php'
    'PHP_SELF' => '/web/index.php'
    'REQUEST_TIME_FLOAT' => 1602787139.774
    'REQUEST_TIME' => 1602787139
]
2020-10-15 21:39:00 [88.201.189.61][-][-][warning][yii\debug\Module::checkAccess] Access to debugger is denied due to IP address restriction. The requesting IP address is 88.201.189.61
    in /home/users/j/j630456/domains/test-wed.kusok-piro.ga/views/layouts/main.php:47
    in /home/users/j/j630456/domains/test-wed.kusok-piro.ga/controllers/SiteController.php:67
2020-10-15 21:39:00 [88.201.189.61][-][-][warning][yii\debug\Module::checkAccess] Access to debugger is denied due to IP address restriction. The requesting IP address is 88.201.189.61
2020-10-15 21:39:00 [88.201.189.61][-][-][info][application] $_GET = []

$_POST = []

$_FILES = []

$_COOKIE = [
    '_csrf' => '06f479efcce2e8ef6b150766b6dc63d5bbf24f54ae67b532db5c1290a580e4e2a:2:{i:0;s:5:\"_csrf\";i:1;s:32:\"hFTUC52ZFsW2BX4pT1s5a8xeIK4Ed39Q\";}'
]

$_SERVER = [
    'REDIRECT_dontlog' => '1'
    'REDIRECT_HTTPS' => 'on'
    'REDIRECT_downgrade-1_0' => ''
    'REDIRECT_suppress-error-charset' => ''
    'REDIRECT_STATUS' => '200'
    'HTTPS' => 'on'
    'downgrade-1_0' => ''
    'suppress-error-charset' => ''
    'HTTP_HOST' => 'test-wed.kusok-piro.ga'
    'HTTP_X_REAL_IP' => '88.201.189.61'
    'HTTP_X_PROTOCOL' => 'HTTP/2.0'
    'HTTP_X_SERVER_IP' => '81.177.6.233'
    'HTTP_X_FORWARDED_FOR' => '88.201.189.61'
    'HTTP_X_FORWARDED_PROTOCOL' => 'https'
    'HTTP_CONNECTION' => 'close'
    'HTTP_USER_AGENT' => 'Mozilla/5.0 (Windows NT 10.0; Win64; x64; rv:81.0) Gecko/20100101 Firefox/81.0'
    'HTTP_ACCEPT' => 'image/webp,*/*'
    'HTTP_ACCEPT_LANGUAGE' => 'ru-RU,ru;q=0.8,en-US;q=0.5,en;q=0.3'
    'HTTP_ACCEPT_ENCODING' => 'gzip, deflate, br'
    'HTTP_REFERER' => 'https://test-wed.kusok-piro.ga/album/'
    'HTTP_COOKIE' => '_csrf=06f479efcce2e8ef6b150766b6dc63d5bbf24f54ae67b532db5c1290a580e4e2a%3A2%3A%7Bi%3A0%3Bs%3A5%3A%22_csrf%22%3Bi%3A1%3Bs%3A32%3A%22hFTUC52ZFsW2BX4pT1s5a8xeIK4Ed39Q%22%3B%7D'
    'PATH' => '/usr/bin:/bin:/usr/local/bin'
    'SERVER_SIGNATURE' => ''
    'SERVER_SOFTWARE' => 'Apache'
    'SERVER_NAME' => 'test-wed.kusok-piro.ga'
    'SERVER_ADDR' => '81.177.6.233'
    'SERVER_PORT' => '80'
    'REMOTE_ADDR' => '88.201.189.61'
    'DOCUMENT_ROOT' => '/home/users/j/j630456/domains/test-wed.kusok-piro.ga'
    'SERVER_ADMIN' => 'info@jino.ru'
    'SCRIPT_FILENAME' => '/home/users/j/j630456/domains/test-wed.kusok-piro.ga/web/index.php'
    'REMOTE_PORT' => '35098'
    'REDIRECT_URL' => '/album/images/Add_Circle_Plus.png'
    'GATEWAY_INTERFACE' => 'CGI/1.1'
    'SERVER_PROTOCOL' => 'HTTP/1.0'
    'REQUEST_METHOD' => 'GET'
    'QUERY_STRING' => ''
    'REQUEST_URI' => '/album/images/Add_Circle_Plus.png'
    'SCRIPT_NAME' => '/web/index.php'
    'PHP_SELF' => '/web/index.php'
    'REQUEST_TIME_FLOAT' => 1602787140.067
    'REQUEST_TIME' => 1602787140
]
2020-10-15 21:39:02 [88.201.189.61][-][-][warning][yii\debug\Module::checkAccess] Access to debugger is denied due to IP address restriction. The requesting IP address is 88.201.189.61
    in /home/users/j/j630456/domains/test-wed.kusok-piro.ga/views/layouts/main.php:47
    in /home/users/j/j630456/domains/test-wed.kusok-piro.ga/controllers/SiteController.php:67
2020-10-15 21:39:02 [88.201.189.61][-][-][warning][yii\debug\Module::checkAccess] Access to debugger is denied due to IP address restriction. The requesting IP address is 88.201.189.61
2020-10-15 21:39:02 [88.201.189.61][-][-][info][application] $_GET = []

$_POST = []

$_FILES = []

$_COOKIE = [
    '_csrf' => '06f479efcce2e8ef6b150766b6dc63d5bbf24f54ae67b532db5c1290a580e4e2a:2:{i:0;s:5:\"_csrf\";i:1;s:32:\"hFTUC52ZFsW2BX4pT1s5a8xeIK4Ed39Q\";}'
]

$_SERVER = [
    'REDIRECT_HTTPS' => 'on'
    'REDIRECT_downgrade-1_0' => ''
    'REDIRECT_suppress-error-charset' => ''
    'REDIRECT_STATUS' => '200'
    'HTTPS' => 'on'
    'downgrade-1_0' => ''
    'suppress-error-charset' => ''
    'HTTP_HOST' => 'test-wed.kusok-piro.ga'
    'HTTP_X_REAL_IP' => '88.201.189.61'
    'HTTP_X_PROTOCOL' => 'HTTP/2.0'
    'HTTP_X_SERVER_IP' => '81.177.6.233'
    'HTTP_X_FORWARDED_FOR' => '88.201.189.61'
    'HTTP_X_FORWARDED_PROTOCOL' => 'https'
    'HTTP_CONNECTION' => 'close'
    'HTTP_USER_AGENT' => 'Mozilla/5.0 (Windows NT 10.0; Win64; x64; rv:81.0) Gecko/20100101 Firefox/81.0'
    'HTTP_ACCEPT' => 'text/html,application/xhtml+xml,application/xml;q=0.9,image/webp,*/*;q=0.8'
    'HTTP_ACCEPT_LANGUAGE' => 'ru-RU,ru;q=0.8,en-US;q=0.5,en;q=0.3'
    'HTTP_ACCEPT_ENCODING' => 'gzip, deflate, br'
    'HTTP_UPGRADE_INSECURE_REQUESTS' => '1'
    'HTTP_COOKIE' => '_csrf=06f479efcce2e8ef6b150766b6dc63d5bbf24f54ae67b532db5c1290a580e4e2a%3A2%3A%7Bi%3A0%3Bs%3A5%3A%22_csrf%22%3Bi%3A1%3Bs%3A32%3A%22hFTUC52ZFsW2BX4pT1s5a8xeIK4Ed39Q%22%3B%7D'
    'PATH' => '/usr/bin:/bin:/usr/local/bin'
    'SERVER_SIGNATURE' => ''
    'SERVER_SOFTWARE' => 'Apache'
    'SERVER_NAME' => 'test-wed.kusok-piro.ga'
    'SERVER_ADDR' => '81.177.6.233'
    'SERVER_PORT' => '80'
    'REMOTE_ADDR' => '88.201.189.61'
    'DOCUMENT_ROOT' => '/home/users/j/j630456/domains/test-wed.kusok-piro.ga'
    'SERVER_ADMIN' => 'info@jino.ru'
    'SCRIPT_FILENAME' => '/home/users/j/j630456/domains/test-wed.kusok-piro.ga/web/index.php'
    'REMOTE_PORT' => '35702'
    'REDIRECT_URL' => '/album/'
    'GATEWAY_INTERFACE' => 'CGI/1.1'
    'SERVER_PROTOCOL' => 'HTTP/1.0'
    'REQUEST_METHOD' => 'GET'
    'QUERY_STRING' => ''
    'REQUEST_URI' => '/album/'
    'SCRIPT_NAME' => '/web/index.php'
    'PHP_SELF' => '/web/index.php'
    'REQUEST_TIME_FLOAT' => 1602787142.769
    'REQUEST_TIME' => 1602787142
]
2020-10-15 21:39:03 [88.201.189.61][-][-][warning][yii\debug\Module::checkAccess] Access to debugger is denied due to IP address restriction. The requesting IP address is 88.201.189.61
    in /home/users/j/j630456/domains/test-wed.kusok-piro.ga/views/layouts/main.php:47
    in /home/users/j/j630456/domains/test-wed.kusok-piro.ga/controllers/SiteController.php:67
2020-10-15 21:39:03 [88.201.189.61][-][-][warning][yii\debug\Module::checkAccess] Access to debugger is denied due to IP address restriction. The requesting IP address is 88.201.189.61
2020-10-15 21:39:03 [88.201.189.61][-][-][info][application] $_GET = []

$_POST = []

$_FILES = []

$_COOKIE = [
    '_csrf' => '06f479efcce2e8ef6b150766b6dc63d5bbf24f54ae67b532db5c1290a580e4e2a:2:{i:0;s:5:\"_csrf\";i:1;s:32:\"hFTUC52ZFsW2BX4pT1s5a8xeIK4Ed39Q\";}'
]

$_SERVER = [
    'REDIRECT_dontlog' => '1'
    'REDIRECT_HTTPS' => 'on'
    'REDIRECT_downgrade-1_0' => ''
    'REDIRECT_suppress-error-charset' => ''
    'REDIRECT_STATUS' => '200'
    'HTTPS' => 'on'
    'downgrade-1_0' => ''
    'suppress-error-charset' => ''
    'HTTP_HOST' => 'test-wed.kusok-piro.ga'
    'HTTP_X_REAL_IP' => '88.201.189.61'
    'HTTP_X_PROTOCOL' => 'HTTP/2.0'
    'HTTP_X_SERVER_IP' => '81.177.6.233'
    'HTTP_X_FORWARDED_FOR' => '88.201.189.61'
    'HTTP_X_FORWARDED_PROTOCOL' => 'https'
    'HTTP_CONNECTION' => 'close'
    'HTTP_USER_AGENT' => 'Mozilla/5.0 (Windows NT 10.0; Win64; x64; rv:81.0) Gecko/20100101 Firefox/81.0'
    'HTTP_ACCEPT' => 'image/webp,*/*'
    'HTTP_ACCEPT_LANGUAGE' => 'ru-RU,ru;q=0.8,en-US;q=0.5,en;q=0.3'
    'HTTP_ACCEPT_ENCODING' => 'gzip, deflate, br'
    'HTTP_REFERER' => 'https://test-wed.kusok-piro.ga/album/'
    'HTTP_COOKIE' => '_csrf=06f479efcce2e8ef6b150766b6dc63d5bbf24f54ae67b532db5c1290a580e4e2a%3A2%3A%7Bi%3A0%3Bs%3A5%3A%22_csrf%22%3Bi%3A1%3Bs%3A32%3A%22hFTUC52ZFsW2BX4pT1s5a8xeIK4Ed39Q%22%3B%7D'
    'PATH' => '/usr/bin:/bin:/usr/local/bin'
    'SERVER_SIGNATURE' => ''
    'SERVER_SOFTWARE' => 'Apache'
    'SERVER_NAME' => 'test-wed.kusok-piro.ga'
    'SERVER_ADDR' => '81.177.6.233'
    'SERVER_PORT' => '80'
    'REMOTE_ADDR' => '88.201.189.61'
    'DOCUMENT_ROOT' => '/home/users/j/j630456/domains/test-wed.kusok-piro.ga'
    'SERVER_ADMIN' => 'info@jino.ru'
    'SCRIPT_FILENAME' => '/home/users/j/j630456/domains/test-wed.kusok-piro.ga/web/index.php'
    'REMOTE_PORT' => '35722'
    'REDIRECT_URL' => '/album/images/Add_Circle_Plus.png'
    'GATEWAY_INTERFACE' => 'CGI/1.1'
    'SERVER_PROTOCOL' => 'HTTP/1.0'
    'REQUEST_METHOD' => 'GET'
    'QUERY_STRING' => ''
    'REQUEST_URI' => '/album/images/Add_Circle_Plus.png'
    'SCRIPT_NAME' => '/web/index.php'
    'PHP_SELF' => '/web/index.php'
    'REQUEST_TIME_FLOAT' => 1602787142.996
    'REQUEST_TIME' => 1602787142
]
2020-10-15 21:39:06 [88.201.189.61][-][-][warning][yii\debug\Module::checkAccess] Access to debugger is denied due to IP address restriction. The requesting IP address is 88.201.189.61
    in /home/users/j/j630456/domains/test-wed.kusok-piro.ga/views/layouts/main.php:47
    in /home/users/j/j630456/domains/test-wed.kusok-piro.ga/controllers/SiteController.php:67
2020-10-15 21:39:06 [88.201.189.61][-][-][warning][yii\debug\Module::checkAccess] Access to debugger is denied due to IP address restriction. The requesting IP address is 88.201.189.61
2020-10-15 21:39:05 [88.201.189.61][-][-][info][application] $_GET = []

$_POST = []

$_FILES = []

$_COOKIE = [
    '_csrf' => '06f479efcce2e8ef6b150766b6dc63d5bbf24f54ae67b532db5c1290a580e4e2a:2:{i:0;s:5:\"_csrf\";i:1;s:32:\"hFTUC52ZFsW2BX4pT1s5a8xeIK4Ed39Q\";}'
]

$_SERVER = [
    'REDIRECT_HTTPS' => 'on'
    'REDIRECT_downgrade-1_0' => ''
    'REDIRECT_suppress-error-charset' => ''
    'REDIRECT_STATUS' => '200'
    'HTTPS' => 'on'
    'downgrade-1_0' => ''
    'suppress-error-charset' => ''
    'HTTP_HOST' => 'test-wed.kusok-piro.ga'
    'HTTP_X_REAL_IP' => '88.201.189.61'
    'HTTP_X_PROTOCOL' => 'HTTP/2.0'
    'HTTP_X_SERVER_IP' => '81.177.6.233'
    'HTTP_X_FORWARDED_FOR' => '88.201.189.61'
    'HTTP_X_FORWARDED_PROTOCOL' => 'https'
    'HTTP_CONNECTION' => 'close'
    'HTTP_USER_AGENT' => 'Mozilla/5.0 (Windows NT 10.0; Win64; x64; rv:81.0) Gecko/20100101 Firefox/81.0'
    'HTTP_ACCEPT' => 'text/html,application/xhtml+xml,application/xml;q=0.9,image/webp,*/*;q=0.8'
    'HTTP_ACCEPT_LANGUAGE' => 'ru-RU,ru;q=0.8,en-US;q=0.5,en;q=0.3'
    'HTTP_ACCEPT_ENCODING' => 'gzip, deflate, br'
    'HTTP_REFERER' => 'https://test-wed.kusok-piro.ga/album/'
    'HTTP_UPGRADE_INSECURE_REQUESTS' => '1'
    'HTTP_COOKIE' => '_csrf=06f479efcce2e8ef6b150766b6dc63d5bbf24f54ae67b532db5c1290a580e4e2a%3A2%3A%7Bi%3A0%3Bs%3A5%3A%22_csrf%22%3Bi%3A1%3Bs%3A32%3A%22hFTUC52ZFsW2BX4pT1s5a8xeIK4Ed39Q%22%3B%7D'
    'PATH' => '/usr/bin:/bin:/usr/local/bin'
    'SERVER_SIGNATURE' => ''
    'SERVER_SOFTWARE' => 'Apache'
    'SERVER_NAME' => 'test-wed.kusok-piro.ga'
    'SERVER_ADDR' => '81.177.6.233'
    'SERVER_PORT' => '80'
    'REMOTE_ADDR' => '88.201.189.61'
    'DOCUMENT_ROOT' => '/home/users/j/j630456/domains/test-wed.kusok-piro.ga'
    'SERVER_ADMIN' => 'info@jino.ru'
    'SCRIPT_FILENAME' => '/home/users/j/j630456/domains/test-wed.kusok-piro.ga/web/index.php'
    'REMOTE_PORT' => '36424'
    'REDIRECT_URL' => '/album/'
    'GATEWAY_INTERFACE' => 'CGI/1.1'
    'SERVER_PROTOCOL' => 'HTTP/1.0'
    'REQUEST_METHOD' => 'GET'
    'QUERY_STRING' => ''
    'REQUEST_URI' => '/album/'
    'SCRIPT_NAME' => '/web/index.php'
    'PHP_SELF' => '/web/index.php'
    'REQUEST_TIME_FLOAT' => 1602787145.93
    'REQUEST_TIME' => 1602787145
]
2020-10-15 21:39:06 [88.201.189.61][-][-][warning][yii\debug\Module::checkAccess] Access to debugger is denied due to IP address restriction. The requesting IP address is 88.201.189.61
    in /home/users/j/j630456/domains/test-wed.kusok-piro.ga/views/layouts/main.php:47
    in /home/users/j/j630456/domains/test-wed.kusok-piro.ga/controllers/SiteController.php:67
2020-10-15 21:39:06 [88.201.189.61][-][-][warning][yii\debug\Module::checkAccess] Access to debugger is denied due to IP address restriction. The requesting IP address is 88.201.189.61
2020-10-15 21:39:06 [88.201.189.61][-][-][info][application] $_GET = []

$_POST = []

$_FILES = []

$_COOKIE = [
    '_csrf' => '06f479efcce2e8ef6b150766b6dc63d5bbf24f54ae67b532db5c1290a580e4e2a:2:{i:0;s:5:\"_csrf\";i:1;s:32:\"hFTUC52ZFsW2BX4pT1s5a8xeIK4Ed39Q\";}'
]

$_SERVER = [
    'REDIRECT_dontlog' => '1'
    'REDIRECT_HTTPS' => 'on'
    'REDIRECT_downgrade-1_0' => ''
    'REDIRECT_suppress-error-charset' => ''
    'REDIRECT_STATUS' => '200'
    'HTTPS' => 'on'
    'downgrade-1_0' => ''
    'suppress-error-charset' => ''
    'HTTP_HOST' => 'test-wed.kusok-piro.ga'
    'HTTP_X_REAL_IP' => '88.201.189.61'
    'HTTP_X_PROTOCOL' => 'HTTP/2.0'
    'HTTP_X_SERVER_IP' => '81.177.6.233'
    'HTTP_X_FORWARDED_FOR' => '88.201.189.61'
    'HTTP_X_FORWARDED_PROTOCOL' => 'https'
    'HTTP_CONNECTION' => 'close'
    'HTTP_USER_AGENT' => 'Mozilla/5.0 (Windows NT 10.0; Win64; x64; rv:81.0) Gecko/20100101 Firefox/81.0'
    'HTTP_ACCEPT' => 'image/webp,*/*'
    'HTTP_ACCEPT_LANGUAGE' => 'ru-RU,ru;q=0.8,en-US;q=0.5,en;q=0.3'
    'HTTP_ACCEPT_ENCODING' => 'gzip, deflate, br'
    'HTTP_REFERER' => 'https://test-wed.kusok-piro.ga/album/'
    'HTTP_COOKIE' => '_csrf=06f479efcce2e8ef6b150766b6dc63d5bbf24f54ae67b532db5c1290a580e4e2a%3A2%3A%7Bi%3A0%3Bs%3A5%3A%22_csrf%22%3Bi%3A1%3Bs%3A32%3A%22hFTUC52ZFsW2BX4pT1s5a8xeIK4Ed39Q%22%3B%7D'
    'PATH' => '/usr/bin:/bin:/usr/local/bin'
    'SERVER_SIGNATURE' => ''
    'SERVER_SOFTWARE' => 'Apache'
    'SERVER_NAME' => 'test-wed.kusok-piro.ga'
    'SERVER_ADDR' => '81.177.6.233'
    'SERVER_PORT' => '80'
    'REMOTE_ADDR' => '88.201.189.61'
    'DOCUMENT_ROOT' => '/home/users/j/j630456/domains/test-wed.kusok-piro.ga'
    'SERVER_ADMIN' => 'info@jino.ru'
    'SCRIPT_FILENAME' => '/home/users/j/j630456/domains/test-wed.kusok-piro.ga/web/index.php'
    'REMOTE_PORT' => '36476'
    'REDIRECT_URL' => '/album/images/Add_Circle_Plus.png'
    'GATEWAY_INTERFACE' => 'CGI/1.1'
    'SERVER_PROTOCOL' => 'HTTP/1.0'
    'REQUEST_METHOD' => 'GET'
    'QUERY_STRING' => ''
    'REQUEST_URI' => '/album/images/Add_Circle_Plus.png'
    'SCRIPT_NAME' => '/web/index.php'
    'PHP_SELF' => '/web/index.php'
    'REQUEST_TIME_FLOAT' => 1602787146.158
    'REQUEST_TIME' => 1602787146
]
2020-10-15 21:39:11 [88.201.189.61][-][-][warning][yii\debug\Module::checkAccess] Access to debugger is denied due to IP address restriction. The requesting IP address is 88.201.189.61
    in /home/users/j/j630456/domains/test-wed.kusok-piro.ga/views/layouts/main.php:47
    in /home/users/j/j630456/domains/test-wed.kusok-piro.ga/controllers/SiteController.php:67
2020-10-15 21:39:11 [88.201.189.61][-][-][warning][yii\debug\Module::checkAccess] Access to debugger is denied due to IP address restriction. The requesting IP address is 88.201.189.61
2020-10-15 21:39:11 [88.201.189.61][-][-][info][application] $_GET = []

$_POST = []

$_FILES = []

$_COOKIE = [
    '_csrf' => '06f479efcce2e8ef6b150766b6dc63d5bbf24f54ae67b532db5c1290a580e4e2a:2:{i:0;s:5:\"_csrf\";i:1;s:32:\"hFTUC52ZFsW2BX4pT1s5a8xeIK4Ed39Q\";}'
]

$_SERVER = [
    'REDIRECT_HTTPS' => 'on'
    'REDIRECT_downgrade-1_0' => ''
    'REDIRECT_suppress-error-charset' => ''
    'REDIRECT_STATUS' => '200'
    'HTTPS' => 'on'
    'downgrade-1_0' => ''
    'suppress-error-charset' => ''
    'HTTP_HOST' => 'test-wed.kusok-piro.ga'
    'HTTP_X_REAL_IP' => '88.201.189.61'
    'HTTP_X_PROTOCOL' => 'HTTP/2.0'
    'HTTP_X_SERVER_IP' => '81.177.6.233'
    'HTTP_X_FORWARDED_FOR' => '88.201.189.61'
    'HTTP_X_FORWARDED_PROTOCOL' => 'https'
    'HTTP_CONNECTION' => 'close'
    'HTTP_USER_AGENT' => 'Mozilla/5.0 (Windows NT 10.0; Win64; x64; rv:81.0) Gecko/20100101 Firefox/81.0'
    'HTTP_ACCEPT' => 'text/html,application/xhtml+xml,application/xml;q=0.9,image/webp,*/*;q=0.8'
    'HTTP_ACCEPT_LANGUAGE' => 'ru-RU,ru;q=0.8,en-US;q=0.5,en;q=0.3'
    'HTTP_ACCEPT_ENCODING' => 'gzip, deflate, br'
    'HTTP_REFERER' => 'https://test-wed.kusok-piro.ga/album/'
    'HTTP_UPGRADE_INSECURE_REQUESTS' => '1'
    'HTTP_COOKIE' => '_csrf=06f479efcce2e8ef6b150766b6dc63d5bbf24f54ae67b532db5c1290a580e4e2a%3A2%3A%7Bi%3A0%3Bs%3A5%3A%22_csrf%22%3Bi%3A1%3Bs%3A32%3A%22hFTUC52ZFsW2BX4pT1s5a8xeIK4Ed39Q%22%3B%7D'
    'PATH' => '/usr/bin:/bin:/usr/local/bin'
    'SERVER_SIGNATURE' => ''
    'SERVER_SOFTWARE' => 'Apache'
    'SERVER_NAME' => 'test-wed.kusok-piro.ga'
    'SERVER_ADDR' => '81.177.6.233'
    'SERVER_PORT' => '80'
    'REMOTE_ADDR' => '88.201.189.61'
    'DOCUMENT_ROOT' => '/home/users/j/j630456/domains/test-wed.kusok-piro.ga'
    'SERVER_ADMIN' => 'info@jino.ru'
    'SCRIPT_FILENAME' => '/home/users/j/j630456/domains/test-wed.kusok-piro.ga/web/index.php'
    'REMOTE_PORT' => '37188'
    'REDIRECT_URL' => '/album/create'
    'GATEWAY_INTERFACE' => 'CGI/1.1'
    'SERVER_PROTOCOL' => 'HTTP/1.0'
    'REQUEST_METHOD' => 'GET'
    'QUERY_STRING' => ''
    'REQUEST_URI' => '/album/create'
    'SCRIPT_NAME' => '/web/index.php'
    'PHP_SELF' => '/web/index.php'
    'REQUEST_TIME_FLOAT' => 1602787151.018
    'REQUEST_TIME' => 1602787151
]
2020-10-15 21:39:11 [88.201.189.61][-][-][warning][yii\debug\Module::checkAccess] Access to debugger is denied due to IP address restriction. The requesting IP address is 88.201.189.61
    in /home/users/j/j630456/domains/test-wed.kusok-piro.ga/views/layouts/main.php:47
    in /home/users/j/j630456/domains/test-wed.kusok-piro.ga/controllers/SiteController.php:67
2020-10-15 21:39:11 [88.201.189.61][-][-][warning][yii\debug\Module::checkAccess] Access to debugger is denied due to IP address restriction. The requesting IP address is 88.201.189.61
2020-10-15 21:39:11 [88.201.189.61][-][-][info][application] $_GET = []

$_POST = []

$_FILES = []

$_COOKIE = [
    '_csrf' => '06f479efcce2e8ef6b150766b6dc63d5bbf24f54ae67b532db5c1290a580e4e2a:2:{i:0;s:5:\"_csrf\";i:1;s:32:\"hFTUC52ZFsW2BX4pT1s5a8xeIK4Ed39Q\";}'
]

$_SERVER = [
    'REDIRECT_dontlog' => '1'
    'REDIRECT_HTTPS' => 'on'
    'REDIRECT_downgrade-1_0' => ''
    'REDIRECT_suppress-error-charset' => ''
    'REDIRECT_STATUS' => '200'
    'HTTPS' => 'on'
    'downgrade-1_0' => ''
    'suppress-error-charset' => ''
    'HTTP_HOST' => 'test-wed.kusok-piro.ga'
    'HTTP_X_REAL_IP' => '88.201.189.61'
    'HTTP_X_PROTOCOL' => 'HTTP/2.0'
    'HTTP_X_SERVER_IP' => '81.177.6.233'
    'HTTP_X_FORWARDED_FOR' => '88.201.189.61'
    'HTTP_X_FORWARDED_PROTOCOL' => 'https'
    'HTTP_CONNECTION' => 'close'
    'HTTP_USER_AGENT' => 'Mozilla/5.0 (Windows NT 10.0; Win64; x64; rv:81.0) Gecko/20100101 Firefox/81.0'
    'HTTP_ACCEPT' => 'image/webp,*/*'
    'HTTP_ACCEPT_LANGUAGE' => 'ru-RU,ru;q=0.8,en-US;q=0.5,en;q=0.3'
    'HTTP_ACCEPT_ENCODING' => 'gzip, deflate, br'
    'HTTP_REFERER' => 'https://test-wed.kusok-piro.ga/album/create'
    'HTTP_COOKIE' => '_csrf=06f479efcce2e8ef6b150766b6dc63d5bbf24f54ae67b532db5c1290a580e4e2a%3A2%3A%7Bi%3A0%3Bs%3A5%3A%22_csrf%22%3Bi%3A1%3Bs%3A32%3A%22hFTUC52ZFsW2BX4pT1s5a8xeIK4Ed39Q%22%3B%7D'
    'PATH' => '/usr/bin:/bin:/usr/local/bin'
    'SERVER_SIGNATURE' => ''
    'SERVER_SOFTWARE' => 'Apache'
    'SERVER_NAME' => 'test-wed.kusok-piro.ga'
    'SERVER_ADDR' => '81.177.6.233'
    'SERVER_PORT' => '80'
    'REMOTE_ADDR' => '88.201.189.61'
    'DOCUMENT_ROOT' => '/home/users/j/j630456/domains/test-wed.kusok-piro.ga'
    'SERVER_ADMIN' => 'info@jino.ru'
    'SCRIPT_FILENAME' => '/home/users/j/j630456/domains/test-wed.kusok-piro.ga/web/index.php'
    'REMOTE_PORT' => '37222'
    'REDIRECT_URL' => '/album/images/Add_Circle_Plus.png'
    'GATEWAY_INTERFACE' => 'CGI/1.1'
    'SERVER_PROTOCOL' => 'HTTP/1.0'
    'REQUEST_METHOD' => 'GET'
    'QUERY_STRING' => ''
    'REQUEST_URI' => '/album/images/Add_Circle_Plus.png'
    'SCRIPT_NAME' => '/web/index.php'
    'PHP_SELF' => '/web/index.php'
    'REQUEST_TIME_FLOAT' => 1602787151.219
    'REQUEST_TIME' => 1602787151
]
2020-10-17 09:06:10 [88.201.189.61][-][-][warning][yii\debug\Module::checkAccess] Access to debugger is denied due to IP address restriction. The requesting IP address is 88.201.189.61
    in /home/users/j/j630456/domains/test-wed.kusok-piro.ga/views/layouts/main.php:47
    in /home/users/j/j630456/domains/test-wed.kusok-piro.ga/controllers/SiteController.php:67
2020-10-17 09:06:10 [88.201.189.61][-][-][warning][yii\debug\Module::checkAccess] Access to debugger is denied due to IP address restriction. The requesting IP address is 88.201.189.61
2020-10-17 09:06:09 [88.201.189.61][-][-][info][application] $_GET = []

$_POST = []

$_FILES = []

$_COOKIE = [
    '_csrf' => '06f479efcce2e8ef6b150766b6dc63d5bbf24f54ae67b532db5c1290a580e4e2a:2:{i:0;s:5:\"_csrf\";i:1;s:32:\"hFTUC52ZFsW2BX4pT1s5a8xeIK4Ed39Q\";}'
]

$_SERVER = [
    'REDIRECT_HTTPS' => 'on'
    'REDIRECT_downgrade-1_0' => ''
    'REDIRECT_suppress-error-charset' => ''
    'REDIRECT_STATUS' => '200'
    'HTTPS' => 'on'
    'downgrade-1_0' => ''
    'suppress-error-charset' => ''
    'HTTP_HOST' => 'test-wed.kusok-piro.ga'
    'HTTP_X_REAL_IP' => '88.201.189.61'
    'HTTP_X_PROTOCOL' => 'HTTP/2.0'
    'HTTP_X_SERVER_IP' => '81.177.6.233'
    'HTTP_X_FORWARDED_FOR' => '88.201.189.61'
    'HTTP_X_FORWARDED_PROTOCOL' => 'https'
    'HTTP_CONNECTION' => 'close'
    'HTTP_USER_AGENT' => 'Mozilla/5.0 (Windows NT 10.0; Win64; x64; rv:81.0) Gecko/20100101 Firefox/81.0'
    'HTTP_ACCEPT' => 'text/html,application/xhtml+xml,application/xml;q=0.9,image/webp,*/*;q=0.8'
    'HTTP_ACCEPT_LANGUAGE' => 'ru-RU,ru;q=0.8,en-US;q=0.5,en;q=0.3'
    'HTTP_ACCEPT_ENCODING' => 'gzip, deflate, br'
    'HTTP_UPGRADE_INSECURE_REQUESTS' => '1'
    'HTTP_COOKIE' => '_csrf=06f479efcce2e8ef6b150766b6dc63d5bbf24f54ae67b532db5c1290a580e4e2a%3A2%3A%7Bi%3A0%3Bs%3A5%3A%22_csrf%22%3Bi%3A1%3Bs%3A32%3A%22hFTUC52ZFsW2BX4pT1s5a8xeIK4Ed39Q%22%3B%7D'
    'PATH' => '/usr/bin:/bin:/usr/local/bin'
    'SERVER_SIGNATURE' => ''
    'SERVER_SOFTWARE' => 'Apache'
    'SERVER_NAME' => 'test-wed.kusok-piro.ga'
    'SERVER_ADDR' => '81.177.6.233'
    'SERVER_PORT' => '80'
    'REMOTE_ADDR' => '88.201.189.61'
    'DOCUMENT_ROOT' => '/home/users/j/j630456/domains/test-wed.kusok-piro.ga'
    'SERVER_ADMIN' => 'info@jino.ru'
    'SCRIPT_FILENAME' => '/home/users/j/j630456/domains/test-wed.kusok-piro.ga/web/index.php'
    'REMOTE_PORT' => '53752'
    'REDIRECT_URL' => '/'
    'GATEWAY_INTERFACE' => 'CGI/1.1'
    'SERVER_PROTOCOL' => 'HTTP/1.0'
    'REQUEST_METHOD' => 'GET'
    'QUERY_STRING' => ''
    'REQUEST_URI' => '/'
    'SCRIPT_NAME' => '/web/index.php'
    'PHP_SELF' => '/web/index.php'
    'REQUEST_TIME_FLOAT' => 1602914769.566
    'REQUEST_TIME' => 1602914769
]
2020-10-17 09:06:12 [88.201.189.61][-][-][warning][yii\debug\Module::checkAccess] Access to debugger is denied due to IP address restriction. The requesting IP address is 88.201.189.61
    in /home/users/j/j630456/domains/test-wed.kusok-piro.ga/views/layouts/main.php:47
    in /home/users/j/j630456/domains/test-wed.kusok-piro.ga/controllers/SiteController.php:67
2020-10-17 09:06:12 [88.201.189.61][-][-][warning][yii\debug\Module::checkAccess] Access to debugger is denied due to IP address restriction. The requesting IP address is 88.201.189.61
2020-10-17 09:06:12 [88.201.189.61][-][-][info][application] $_GET = []

$_POST = []

$_FILES = []

$_COOKIE = [
    '_csrf' => '06f479efcce2e8ef6b150766b6dc63d5bbf24f54ae67b532db5c1290a580e4e2a:2:{i:0;s:5:\"_csrf\";i:1;s:32:\"hFTUC52ZFsW2BX4pT1s5a8xeIK4Ed39Q\";}'
]

$_SERVER = [
    'REDIRECT_HTTPS' => 'on'
    'REDIRECT_downgrade-1_0' => ''
    'REDIRECT_suppress-error-charset' => ''
    'REDIRECT_STATUS' => '200'
    'HTTPS' => 'on'
    'downgrade-1_0' => ''
    'suppress-error-charset' => ''
    'HTTP_HOST' => 'test-wed.kusok-piro.ga'
    'HTTP_X_REAL_IP' => '88.201.189.61'
    'HTTP_X_PROTOCOL' => 'HTTP/2.0'
    'HTTP_X_SERVER_IP' => '81.177.6.233'
    'HTTP_X_FORWARDED_FOR' => '88.201.189.61'
    'HTTP_X_FORWARDED_PROTOCOL' => 'https'
    'HTTP_CONNECTION' => 'close'
    'HTTP_USER_AGENT' => 'Mozilla/5.0 (Windows NT 10.0; Win64; x64; rv:81.0) Gecko/20100101 Firefox/81.0'
    'HTTP_ACCEPT' => 'text/html,application/xhtml+xml,application/xml;q=0.9,image/webp,*/*;q=0.8'
    'HTTP_ACCEPT_LANGUAGE' => 'ru-RU,ru;q=0.8,en-US;q=0.5,en;q=0.3'
    'HTTP_ACCEPT_ENCODING' => 'gzip, deflate, br'
    'HTTP_REFERER' => 'https://test-wed.kusok-piro.ga/'
    'HTTP_UPGRADE_INSECURE_REQUESTS' => '1'
    'HTTP_COOKIE' => '_csrf=06f479efcce2e8ef6b150766b6dc63d5bbf24f54ae67b532db5c1290a580e4e2a%3A2%3A%7Bi%3A0%3Bs%3A5%3A%22_csrf%22%3Bi%3A1%3Bs%3A32%3A%22hFTUC52ZFsW2BX4pT1s5a8xeIK4Ed39Q%22%3B%7D'
    'PATH' => '/usr/bin:/bin:/usr/local/bin'
    'SERVER_SIGNATURE' => ''
    'SERVER_SOFTWARE' => 'Apache'
    'SERVER_NAME' => 'test-wed.kusok-piro.ga'
    'SERVER_ADDR' => '81.177.6.233'
    'SERVER_PORT' => '80'
    'REMOTE_ADDR' => '88.201.189.61'
    'DOCUMENT_ROOT' => '/home/users/j/j630456/domains/test-wed.kusok-piro.ga'
    'SERVER_ADMIN' => 'info@jino.ru'
    'SCRIPT_FILENAME' => '/home/users/j/j630456/domains/test-wed.kusok-piro.ga/web/index.php'
    'REMOTE_PORT' => '54434'
    'REDIRECT_URL' => '/album/'
    'GATEWAY_INTERFACE' => 'CGI/1.1'
    'SERVER_PROTOCOL' => 'HTTP/1.0'
    'REQUEST_METHOD' => 'GET'
    'QUERY_STRING' => ''
    'REQUEST_URI' => '/album/'
    'SCRIPT_NAME' => '/web/index.php'
    'PHP_SELF' => '/web/index.php'
    'REQUEST_TIME_FLOAT' => 1602914772.402
    'REQUEST_TIME' => 1602914772
]
2020-10-17 09:06:12 [88.201.189.61][-][-][warning][yii\debug\Module::checkAccess] Access to debugger is denied due to IP address restriction. The requesting IP address is 88.201.189.61
    in /home/users/j/j630456/domains/test-wed.kusok-piro.ga/views/layouts/main.php:47
    in /home/users/j/j630456/domains/test-wed.kusok-piro.ga/controllers/SiteController.php:67
2020-10-17 09:06:12 [88.201.189.61][-][-][warning][yii\debug\Module::checkAccess] Access to debugger is denied due to IP address restriction. The requesting IP address is 88.201.189.61
2020-10-17 09:06:12 [88.201.189.61][-][-][info][application] $_GET = []

$_POST = []

$_FILES = []

$_COOKIE = [
    '_csrf' => '06f479efcce2e8ef6b150766b6dc63d5bbf24f54ae67b532db5c1290a580e4e2a:2:{i:0;s:5:\"_csrf\";i:1;s:32:\"hFTUC52ZFsW2BX4pT1s5a8xeIK4Ed39Q\";}'
]

$_SERVER = [
    'REDIRECT_dontlog' => '1'
    'REDIRECT_HTTPS' => 'on'
    'REDIRECT_downgrade-1_0' => ''
    'REDIRECT_suppress-error-charset' => ''
    'REDIRECT_STATUS' => '200'
    'HTTPS' => 'on'
    'downgrade-1_0' => ''
    'suppress-error-charset' => ''
    'HTTP_HOST' => 'test-wed.kusok-piro.ga'
    'HTTP_X_REAL_IP' => '88.201.189.61'
    'HTTP_X_PROTOCOL' => 'HTTP/2.0'
    'HTTP_X_SERVER_IP' => '81.177.6.233'
    'HTTP_X_FORWARDED_FOR' => '88.201.189.61'
    'HTTP_X_FORWARDED_PROTOCOL' => 'https'
    'HTTP_CONNECTION' => 'close'
    'HTTP_USER_AGENT' => 'Mozilla/5.0 (Windows NT 10.0; Win64; x64; rv:81.0) Gecko/20100101 Firefox/81.0'
    'HTTP_ACCEPT' => 'image/webp,*/*'
    'HTTP_ACCEPT_LANGUAGE' => 'ru-RU,ru;q=0.8,en-US;q=0.5,en;q=0.3'
    'HTTP_ACCEPT_ENCODING' => 'gzip, deflate, br'
    'HTTP_REFERER' => 'https://test-wed.kusok-piro.ga/album/'
    'HTTP_COOKIE' => '_csrf=06f479efcce2e8ef6b150766b6dc63d5bbf24f54ae67b532db5c1290a580e4e2a%3A2%3A%7Bi%3A0%3Bs%3A5%3A%22_csrf%22%3Bi%3A1%3Bs%3A32%3A%22hFTUC52ZFsW2BX4pT1s5a8xeIK4Ed39Q%22%3B%7D'
    'PATH' => '/usr/bin:/bin:/usr/local/bin'
    'SERVER_SIGNATURE' => ''
    'SERVER_SOFTWARE' => 'Apache'
    'SERVER_NAME' => 'test-wed.kusok-piro.ga'
    'SERVER_ADDR' => '81.177.6.233'
    'SERVER_PORT' => '80'
    'REMOTE_ADDR' => '88.201.189.61'
    'DOCUMENT_ROOT' => '/home/users/j/j630456/domains/test-wed.kusok-piro.ga'
    'SERVER_ADMIN' => 'info@jino.ru'
    'SCRIPT_FILENAME' => '/home/users/j/j630456/domains/test-wed.kusok-piro.ga/web/index.php'
    'REMOTE_PORT' => '54538'
    'REDIRECT_URL' => '/album/images/Add_Circle_Plus.png'
    'GATEWAY_INTERFACE' => 'CGI/1.1'
    'SERVER_PROTOCOL' => 'HTTP/1.0'
    'REQUEST_METHOD' => 'GET'
    'QUERY_STRING' => ''
    'REQUEST_URI' => '/album/images/Add_Circle_Plus.png'
    'SCRIPT_NAME' => '/web/index.php'
    'PHP_SELF' => '/web/index.php'
    'REQUEST_TIME_FLOAT' => 1602914772.67
    'REQUEST_TIME' => 1602914772
]
2020-10-17 09:07:27 [88.201.189.61][-][-][warning][yii\debug\Module::checkAccess] Access to debugger is denied due to IP address restriction. The requesting IP address is 88.201.189.61
    in /home/users/j/j630456/domains/test-wed.kusok-piro.ga/views/layouts/main.php:47
    in /home/users/j/j630456/domains/test-wed.kusok-piro.ga/controllers/SiteController.php:67
2020-10-17 09:07:27 [88.201.189.61][-][-][warning][yii\debug\Module::checkAccess] Access to debugger is denied due to IP address restriction. The requesting IP address is 88.201.189.61
2020-10-17 09:07:26 [88.201.189.61][-][-][info][application] $_GET = []

$_POST = []

$_FILES = []

$_COOKIE = [
    '_csrf' => '06f479efcce2e8ef6b150766b6dc63d5bbf24f54ae67b532db5c1290a580e4e2a:2:{i:0;s:5:\"_csrf\";i:1;s:32:\"hFTUC52ZFsW2BX4pT1s5a8xeIK4Ed39Q\";}'
]

$_SERVER = [
    'REDIRECT_HTTPS' => 'on'
    'REDIRECT_downgrade-1_0' => ''
    'REDIRECT_suppress-error-charset' => ''
    'REDIRECT_STATUS' => '200'
    'HTTPS' => 'on'
    'downgrade-1_0' => ''
    'suppress-error-charset' => ''
    'HTTP_HOST' => 'test-wed.kusok-piro.ga'
    'HTTP_X_REAL_IP' => '88.201.189.61'
    'HTTP_X_PROTOCOL' => 'HTTP/2.0'
    'HTTP_X_SERVER_IP' => '81.177.6.233'
    'HTTP_X_FORWARDED_FOR' => '88.201.189.61'
    'HTTP_X_FORWARDED_PROTOCOL' => 'https'
    'HTTP_CONNECTION' => 'close'
    'HTTP_USER_AGENT' => 'Mozilla/5.0 (Windows NT 10.0; Win64; x64; rv:81.0) Gecko/20100101 Firefox/81.0'
    'HTTP_ACCEPT' => 'text/html,application/xhtml+xml,application/xml;q=0.9,image/webp,*/*;q=0.8'
    'HTTP_ACCEPT_LANGUAGE' => 'ru-RU,ru;q=0.8,en-US;q=0.5,en;q=0.3'
    'HTTP_ACCEPT_ENCODING' => 'gzip, deflate, br'
    'HTTP_REFERER' => 'https://test-wed.kusok-piro.ga/'
    'HTTP_UPGRADE_INSECURE_REQUESTS' => '1'
    'HTTP_CACHE_CONTROL' => 'max-age=0'
    'HTTP_COOKIE' => '_csrf=06f479efcce2e8ef6b150766b6dc63d5bbf24f54ae67b532db5c1290a580e4e2a%3A2%3A%7Bi%3A0%3Bs%3A5%3A%22_csrf%22%3Bi%3A1%3Bs%3A32%3A%22hFTUC52ZFsW2BX4pT1s5a8xeIK4Ed39Q%22%3B%7D'
    'PATH' => '/usr/bin:/bin:/usr/local/bin'
    'SERVER_SIGNATURE' => ''
    'SERVER_SOFTWARE' => 'Apache'
    'SERVER_NAME' => 'test-wed.kusok-piro.ga'
    'SERVER_ADDR' => '81.177.6.233'
    'SERVER_PORT' => '80'
    'REMOTE_ADDR' => '88.201.189.61'
    'DOCUMENT_ROOT' => '/home/users/j/j630456/domains/test-wed.kusok-piro.ga'
    'SERVER_ADMIN' => 'info@jino.ru'
    'SCRIPT_FILENAME' => '/home/users/j/j630456/domains/test-wed.kusok-piro.ga/web/index.php'
    'REMOTE_PORT' => '40848'
    'REDIRECT_URL' => '/album/'
    'GATEWAY_INTERFACE' => 'CGI/1.1'
    'SERVER_PROTOCOL' => 'HTTP/1.0'
    'REQUEST_METHOD' => 'GET'
    'QUERY_STRING' => ''
    'REQUEST_URI' => '/album/'
    'SCRIPT_NAME' => '/web/index.php'
    'PHP_SELF' => '/web/index.php'
    'REQUEST_TIME_FLOAT' => 1602914846.993
    'REQUEST_TIME' => 1602914846
]
2020-10-17 09:07:27 [88.201.189.61][-][-][warning][yii\debug\Module::checkAccess] Access to debugger is denied due to IP address restriction. The requesting IP address is 88.201.189.61
    in /home/users/j/j630456/domains/test-wed.kusok-piro.ga/views/layouts/main.php:47
    in /home/users/j/j630456/domains/test-wed.kusok-piro.ga/controllers/SiteController.php:67
2020-10-17 09:07:27 [88.201.189.61][-][-][warning][yii\debug\Module::checkAccess] Access to debugger is denied due to IP address restriction. The requesting IP address is 88.201.189.61
2020-10-17 09:07:27 [88.201.189.61][-][-][info][application] $_GET = []

$_POST = []

$_FILES = []

$_COOKIE = [
    '_csrf' => '06f479efcce2e8ef6b150766b6dc63d5bbf24f54ae67b532db5c1290a580e4e2a:2:{i:0;s:5:\"_csrf\";i:1;s:32:\"hFTUC52ZFsW2BX4pT1s5a8xeIK4Ed39Q\";}'
]

$_SERVER = [
    'REDIRECT_dontlog' => '1'
    'REDIRECT_HTTPS' => 'on'
    'REDIRECT_downgrade-1_0' => ''
    'REDIRECT_suppress-error-charset' => ''
    'REDIRECT_STATUS' => '200'
    'HTTPS' => 'on'
    'downgrade-1_0' => ''
    'suppress-error-charset' => ''
    'HTTP_HOST' => 'test-wed.kusok-piro.ga'
    'HTTP_X_REAL_IP' => '88.201.189.61'
    'HTTP_X_PROTOCOL' => 'HTTP/2.0'
    'HTTP_X_SERVER_IP' => '81.177.6.233'
    'HTTP_X_FORWARDED_FOR' => '88.201.189.61'
    'HTTP_X_FORWARDED_PROTOCOL' => 'https'
    'HTTP_CONNECTION' => 'close'
    'HTTP_USER_AGENT' => 'Mozilla/5.0 (Windows NT 10.0; Win64; x64; rv:81.0) Gecko/20100101 Firefox/81.0'
    'HTTP_ACCEPT' => 'image/webp,*/*'
    'HTTP_ACCEPT_LANGUAGE' => 'ru-RU,ru;q=0.8,en-US;q=0.5,en;q=0.3'
    'HTTP_ACCEPT_ENCODING' => 'gzip, deflate, br'
    'HTTP_REFERER' => 'https://test-wed.kusok-piro.ga/album/'
    'HTTP_CACHE_CONTROL' => 'max-age=0'
    'HTTP_COOKIE' => '_csrf=06f479efcce2e8ef6b150766b6dc63d5bbf24f54ae67b532db5c1290a580e4e2a%3A2%3A%7Bi%3A0%3Bs%3A5%3A%22_csrf%22%3Bi%3A1%3Bs%3A32%3A%22hFTUC52ZFsW2BX4pT1s5a8xeIK4Ed39Q%22%3B%7D'
    'PATH' => '/usr/bin:/bin:/usr/local/bin'
    'SERVER_SIGNATURE' => ''
    'SERVER_SOFTWARE' => 'Apache'
    'SERVER_NAME' => 'test-wed.kusok-piro.ga'
    'SERVER_ADDR' => '81.177.6.233'
    'SERVER_PORT' => '80'
    'REMOTE_ADDR' => '88.201.189.61'
    'DOCUMENT_ROOT' => '/home/users/j/j630456/domains/test-wed.kusok-piro.ga'
    'SERVER_ADMIN' => 'info@jino.ru'
    'SCRIPT_FILENAME' => '/home/users/j/j630456/domains/test-wed.kusok-piro.ga/web/index.php'
    'REMOTE_PORT' => '40920'
    'REDIRECT_URL' => '/album/images/Add_Circle_Plus.png'
    'GATEWAY_INTERFACE' => 'CGI/1.1'
    'SERVER_PROTOCOL' => 'HTTP/1.0'
    'REQUEST_METHOD' => 'GET'
    'QUERY_STRING' => ''
    'REQUEST_URI' => '/album/images/Add_Circle_Plus.png'
    'SCRIPT_NAME' => '/web/index.php'
    'PHP_SELF' => '/web/index.php'
    'REQUEST_TIME_FLOAT' => 1602914847.235
    'REQUEST_TIME' => 1602914847
]
2020-10-17 09:07:28 [88.201.189.61][-][-][warning][yii\debug\Module::checkAccess] Access to debugger is denied due to IP address restriction. The requesting IP address is 88.201.189.61
    in /home/users/j/j630456/domains/test-wed.kusok-piro.ga/views/layouts/main.php:47
    in /home/users/j/j630456/domains/test-wed.kusok-piro.ga/controllers/SiteController.php:67
2020-10-17 09:07:28 [88.201.189.61][-][-][warning][yii\debug\Module::checkAccess] Access to debugger is denied due to IP address restriction. The requesting IP address is 88.201.189.61
2020-10-17 09:07:28 [88.201.189.61][-][-][info][application] $_GET = []

$_POST = []

$_FILES = []

$_COOKIE = [
    '_csrf' => '06f479efcce2e8ef6b150766b6dc63d5bbf24f54ae67b532db5c1290a580e4e2a:2:{i:0;s:5:\"_csrf\";i:1;s:32:\"hFTUC52ZFsW2BX4pT1s5a8xeIK4Ed39Q\";}'
]

$_SERVER = [
    'REDIRECT_HTTPS' => 'on'
    'REDIRECT_downgrade-1_0' => ''
    'REDIRECT_suppress-error-charset' => ''
    'REDIRECT_STATUS' => '200'
    'HTTPS' => 'on'
    'downgrade-1_0' => ''
    'suppress-error-charset' => ''
    'HTTP_HOST' => 'test-wed.kusok-piro.ga'
    'HTTP_X_REAL_IP' => '88.201.189.61'
    'HTTP_X_PROTOCOL' => 'HTTP/2.0'
    'HTTP_X_SERVER_IP' => '81.177.6.233'
    'HTTP_X_FORWARDED_FOR' => '88.201.189.61'
    'HTTP_X_FORWARDED_PROTOCOL' => 'https'
    'HTTP_CONNECTION' => 'close'
    'HTTP_USER_AGENT' => 'Mozilla/5.0 (Windows NT 10.0; Win64; x64; rv:81.0) Gecko/20100101 Firefox/81.0'
    'HTTP_ACCEPT' => 'text/html,application/xhtml+xml,application/xml;q=0.9,image/webp,*/*;q=0.8'
    'HTTP_ACCEPT_LANGUAGE' => 'ru-RU,ru;q=0.8,en-US;q=0.5,en;q=0.3'
    'HTTP_ACCEPT_ENCODING' => 'gzip, deflate, br'
    'HTTP_UPGRADE_INSECURE_REQUESTS' => '1'
    'HTTP_COOKIE' => '_csrf=06f479efcce2e8ef6b150766b6dc63d5bbf24f54ae67b532db5c1290a580e4e2a%3A2%3A%7Bi%3A0%3Bs%3A5%3A%22_csrf%22%3Bi%3A1%3Bs%3A32%3A%22hFTUC52ZFsW2BX4pT1s5a8xeIK4Ed39Q%22%3B%7D'
    'PATH' => '/usr/bin:/bin:/usr/local/bin'
    'SERVER_SIGNATURE' => ''
    'SERVER_SOFTWARE' => 'Apache'
    'SERVER_NAME' => 'test-wed.kusok-piro.ga'
    'SERVER_ADDR' => '81.177.6.233'
    'SERVER_PORT' => '80'
    'REMOTE_ADDR' => '88.201.189.61'
    'DOCUMENT_ROOT' => '/home/users/j/j630456/domains/test-wed.kusok-piro.ga'
    'SERVER_ADMIN' => 'info@jino.ru'
    'SCRIPT_FILENAME' => '/home/users/j/j630456/domains/test-wed.kusok-piro.ga/web/index.php'
    'REMOTE_PORT' => '41170'
    'REDIRECT_URL' => '/album/'
    'GATEWAY_INTERFACE' => 'CGI/1.1'
    'SERVER_PROTOCOL' => 'HTTP/1.0'
    'REQUEST_METHOD' => 'GET'
    'QUERY_STRING' => ''
    'REQUEST_URI' => '/album/'
    'SCRIPT_NAME' => '/web/index.php'
    'PHP_SELF' => '/web/index.php'
    'REQUEST_TIME_FLOAT' => 1602914848.847
    'REQUEST_TIME' => 1602914848
]
2020-10-17 09:07:29 [88.201.189.61][-][-][warning][yii\debug\Module::checkAccess] Access to debugger is denied due to IP address restriction. The requesting IP address is 88.201.189.61
    in /home/users/j/j630456/domains/test-wed.kusok-piro.ga/views/layouts/main.php:47
    in /home/users/j/j630456/domains/test-wed.kusok-piro.ga/controllers/SiteController.php:67
2020-10-17 09:07:29 [88.201.189.61][-][-][warning][yii\debug\Module::checkAccess] Access to debugger is denied due to IP address restriction. The requesting IP address is 88.201.189.61
2020-10-17 09:07:29 [88.201.189.61][-][-][info][application] $_GET = []

$_POST = []

$_FILES = []

$_COOKIE = [
    '_csrf' => '06f479efcce2e8ef6b150766b6dc63d5bbf24f54ae67b532db5c1290a580e4e2a:2:{i:0;s:5:\"_csrf\";i:1;s:32:\"hFTUC52ZFsW2BX4pT1s5a8xeIK4Ed39Q\";}'
]

$_SERVER = [
    'REDIRECT_dontlog' => '1'
    'REDIRECT_HTTPS' => 'on'
    'REDIRECT_downgrade-1_0' => ''
    'REDIRECT_suppress-error-charset' => ''
    'REDIRECT_STATUS' => '200'
    'HTTPS' => 'on'
    'downgrade-1_0' => ''
    'suppress-error-charset' => ''
    'HTTP_HOST' => 'test-wed.kusok-piro.ga'
    'HTTP_X_REAL_IP' => '88.201.189.61'
    'HTTP_X_PROTOCOL' => 'HTTP/2.0'
    'HTTP_X_SERVER_IP' => '81.177.6.233'
    'HTTP_X_FORWARDED_FOR' => '88.201.189.61'
    'HTTP_X_FORWARDED_PROTOCOL' => 'https'
    'HTTP_CONNECTION' => 'close'
    'HTTP_USER_AGENT' => 'Mozilla/5.0 (Windows NT 10.0; Win64; x64; rv:81.0) Gecko/20100101 Firefox/81.0'
    'HTTP_ACCEPT' => 'image/webp,*/*'
    'HTTP_ACCEPT_LANGUAGE' => 'ru-RU,ru;q=0.8,en-US;q=0.5,en;q=0.3'
    'HTTP_ACCEPT_ENCODING' => 'gzip, deflate, br'
    'HTTP_REFERER' => 'https://test-wed.kusok-piro.ga/album/'
    'HTTP_COOKIE' => '_csrf=06f479efcce2e8ef6b150766b6dc63d5bbf24f54ae67b532db5c1290a580e4e2a%3A2%3A%7Bi%3A0%3Bs%3A5%3A%22_csrf%22%3Bi%3A1%3Bs%3A32%3A%22hFTUC52ZFsW2BX4pT1s5a8xeIK4Ed39Q%22%3B%7D'
    'PATH' => '/usr/bin:/bin:/usr/local/bin'
    'SERVER_SIGNATURE' => ''
    'SERVER_SOFTWARE' => 'Apache'
    'SERVER_NAME' => 'test-wed.kusok-piro.ga'
    'SERVER_ADDR' => '81.177.6.233'
    'SERVER_PORT' => '80'
    'REMOTE_ADDR' => '88.201.189.61'
    'DOCUMENT_ROOT' => '/home/users/j/j630456/domains/test-wed.kusok-piro.ga'
    'SERVER_ADMIN' => 'info@jino.ru'
    'SCRIPT_FILENAME' => '/home/users/j/j630456/domains/test-wed.kusok-piro.ga/web/index.php'
    'REMOTE_PORT' => '41204'
    'REDIRECT_URL' => '/album/images/Add_Circle_Plus.png'
    'GATEWAY_INTERFACE' => 'CGI/1.1'
    'SERVER_PROTOCOL' => 'HTTP/1.0'
    'REQUEST_METHOD' => 'GET'
    'QUERY_STRING' => ''
    'REQUEST_URI' => '/album/images/Add_Circle_Plus.png'
    'SCRIPT_NAME' => '/web/index.php'
    'PHP_SELF' => '/web/index.php'
    'REQUEST_TIME_FLOAT' => 1602914849.079
    'REQUEST_TIME' => 1602914849
]
2020-10-17 09:09:33 [88.201.189.61][-][-][warning][yii\debug\Module::checkAccess] Access to debugger is denied due to IP address restriction. The requesting IP address is 88.201.189.61
    in /home/users/j/j630456/domains/test-wed.kusok-piro.ga/views/layouts/main.php:47
    in /home/users/j/j630456/domains/test-wed.kusok-piro.ga/controllers/SiteController.php:67
2020-10-17 09:09:33 [88.201.189.61][-][-][warning][yii\debug\Module::checkAccess] Access to debugger is denied due to IP address restriction. The requesting IP address is 88.201.189.61
2020-10-17 09:09:33 [88.201.189.61][-][-][info][application] $_GET = []

$_POST = []

$_FILES = []

$_COOKIE = [
    '_csrf' => '06f479efcce2e8ef6b150766b6dc63d5bbf24f54ae67b532db5c1290a580e4e2a:2:{i:0;s:5:\"_csrf\";i:1;s:32:\"hFTUC52ZFsW2BX4pT1s5a8xeIK4Ed39Q\";}'
]

$_SERVER = [
    'REDIRECT_REDIRECT_HTTPS' => 'on'
    'REDIRECT_REDIRECT_downgrade-1_0' => ''
    'REDIRECT_REDIRECT_suppress-error-charset' => ''
    'REDIRECT_REDIRECT_STATUS' => '200'
    'REDIRECT_HTTPS' => 'on'
    'REDIRECT_downgrade-1_0' => ''
    'REDIRECT_suppress-error-charset' => ''
    'REDIRECT_STATUS' => '200'
    'HTTPS' => 'on'
    'downgrade-1_0' => ''
    'suppress-error-charset' => ''
    'HTTP_HOST' => 'test-wed.kusok-piro.ga'
    'HTTP_X_REAL_IP' => '88.201.189.61'
    'HTTP_X_PROTOCOL' => 'HTTP/2.0'
    'HTTP_X_SERVER_IP' => '81.177.6.233'
    'HTTP_X_FORWARDED_FOR' => '88.201.189.61'
    'HTTP_X_FORWARDED_PROTOCOL' => 'https'
    'HTTP_CONNECTION' => 'close'
    'HTTP_USER_AGENT' => 'Mozilla/5.0 (Windows NT 10.0; Win64; x64; rv:81.0) Gecko/20100101 Firefox/81.0'
    'HTTP_ACCEPT' => 'text/html,application/xhtml+xml,application/xml;q=0.9,image/webp,*/*;q=0.8'
    'HTTP_ACCEPT_LANGUAGE' => 'ru-RU,ru;q=0.8,en-US;q=0.5,en;q=0.3'
    'HTTP_ACCEPT_ENCODING' => 'gzip, deflate, br'
    'HTTP_UPGRADE_INSECURE_REQUESTS' => '1'
    'HTTP_CACHE_CONTROL' => 'max-age=0'
    'HTTP_COOKIE' => '_csrf=06f479efcce2e8ef6b150766b6dc63d5bbf24f54ae67b532db5c1290a580e4e2a%3A2%3A%7Bi%3A0%3Bs%3A5%3A%22_csrf%22%3Bi%3A1%3Bs%3A32%3A%22hFTUC52ZFsW2BX4pT1s5a8xeIK4Ed39Q%22%3B%7D'
    'PATH' => '/usr/bin:/bin:/usr/local/bin'
    'SERVER_SIGNATURE' => ''
    'SERVER_SOFTWARE' => 'Apache'
    'SERVER_NAME' => 'test-wed.kusok-piro.ga'
    'SERVER_ADDR' => '81.177.6.233'
    'SERVER_PORT' => '80'
    'REMOTE_ADDR' => '88.201.189.61'
    'DOCUMENT_ROOT' => '/home/users/j/j630456/domains/test-wed.kusok-piro.ga'
    'SERVER_ADMIN' => 'info@jino.ru'
    'SCRIPT_FILENAME' => '/home/users/j/j630456/domains/test-wed.kusok-piro.ga/web/index.php'
    'REMOTE_PORT' => '35754'
    'REDIRECT_URL' => '/web/album/'
    'GATEWAY_INTERFACE' => 'CGI/1.1'
    'SERVER_PROTOCOL' => 'HTTP/1.0'
    'REQUEST_METHOD' => 'GET'
    'QUERY_STRING' => ''
    'REQUEST_URI' => '/album/'
    'SCRIPT_NAME' => '/web/index.php'
    'PHP_SELF' => '/web/index.php'
    'REQUEST_TIME_FLOAT' => 1602914973.466
    'REQUEST_TIME' => 1602914973
]
2020-10-17 09:09:33 [88.201.189.61][-][-][warning][yii\debug\Module::checkAccess] Access to debugger is denied due to IP address restriction. The requesting IP address is 88.201.189.61
    in /home/users/j/j630456/domains/test-wed.kusok-piro.ga/views/layouts/main.php:47
    in /home/users/j/j630456/domains/test-wed.kusok-piro.ga/controllers/SiteController.php:67
2020-10-17 09:09:33 [88.201.189.61][-][-][warning][yii\debug\Module::checkAccess] Access to debugger is denied due to IP address restriction. The requesting IP address is 88.201.189.61
2020-10-17 09:09:33 [88.201.189.61][-][-][info][application] $_GET = []

$_POST = []

$_FILES = []

$_COOKIE = [
    '_csrf' => '06f479efcce2e8ef6b150766b6dc63d5bbf24f54ae67b532db5c1290a580e4e2a:2:{i:0;s:5:\"_csrf\";i:1;s:32:\"hFTUC52ZFsW2BX4pT1s5a8xeIK4Ed39Q\";}'
]

$_SERVER = [
    'REDIRECT_REDIRECT_dontlog' => '1'
    'REDIRECT_REDIRECT_HTTPS' => 'on'
    'REDIRECT_REDIRECT_downgrade-1_0' => ''
    'REDIRECT_REDIRECT_suppress-error-charset' => ''
    'REDIRECT_REDIRECT_STATUS' => '200'
    'REDIRECT_dontlog' => '1'
    'REDIRECT_HTTPS' => 'on'
    'REDIRECT_downgrade-1_0' => ''
    'REDIRECT_suppress-error-charset' => ''
    'REDIRECT_STATUS' => '200'
    'HTTPS' => 'on'
    'downgrade-1_0' => ''
    'suppress-error-charset' => ''
    'HTTP_HOST' => 'test-wed.kusok-piro.ga'
    'HTTP_X_REAL_IP' => '88.201.189.61'
    'HTTP_X_PROTOCOL' => 'HTTP/2.0'
    'HTTP_X_SERVER_IP' => '81.177.6.233'
    'HTTP_X_FORWARDED_FOR' => '88.201.189.61'
    'HTTP_X_FORWARDED_PROTOCOL' => 'https'
    'HTTP_CONNECTION' => 'close'
    'HTTP_USER_AGENT' => 'Mozilla/5.0 (Windows NT 10.0; Win64; x64; rv:81.0) Gecko/20100101 Firefox/81.0'
    'HTTP_ACCEPT' => 'image/webp,*/*'
    'HTTP_ACCEPT_LANGUAGE' => 'ru-RU,ru;q=0.8,en-US;q=0.5,en;q=0.3'
    'HTTP_ACCEPT_ENCODING' => 'gzip, deflate, br'
    'HTTP_REFERER' => 'https://test-wed.kusok-piro.ga/album/'
    'HTTP_CACHE_CONTROL' => 'max-age=0'
    'HTTP_COOKIE' => '_csrf=06f479efcce2e8ef6b150766b6dc63d5bbf24f54ae67b532db5c1290a580e4e2a%3A2%3A%7Bi%3A0%3Bs%3A5%3A%22_csrf%22%3Bi%3A1%3Bs%3A32%3A%22hFTUC52ZFsW2BX4pT1s5a8xeIK4Ed39Q%22%3B%7D'
    'PATH' => '/usr/bin:/bin:/usr/local/bin'
    'SERVER_SIGNATURE' => ''
    'SERVER_SOFTWARE' => 'Apache'
    'SERVER_NAME' => 'test-wed.kusok-piro.ga'
    'SERVER_ADDR' => '81.177.6.233'
    'SERVER_PORT' => '80'
    'REMOTE_ADDR' => '88.201.189.61'
    'DOCUMENT_ROOT' => '/home/users/j/j630456/domains/test-wed.kusok-piro.ga'
    'SERVER_ADMIN' => 'info@jino.ru'
    'SCRIPT_FILENAME' => '/home/users/j/j630456/domains/test-wed.kusok-piro.ga/web/index.php'
    'REMOTE_PORT' => '35934'
    'REDIRECT_URL' => '/web/album/images/Add_Circle_Plus.png'
    'GATEWAY_INTERFACE' => 'CGI/1.1'
    'SERVER_PROTOCOL' => 'HTTP/1.0'
    'REQUEST_METHOD' => 'GET'
    'QUERY_STRING' => ''
    'REQUEST_URI' => '/album/images/Add_Circle_Plus.png'
    'SCRIPT_NAME' => '/web/index.php'
    'PHP_SELF' => '/web/index.php'
    'REQUEST_TIME_FLOAT' => 1602914973.715
    'REQUEST_TIME' => 1602914973
]
2020-10-17 09:09:34 [88.201.189.61][-][-][warning][yii\debug\Module::checkAccess] Access to debugger is denied due to IP address restriction. The requesting IP address is 88.201.189.61
    in /home/users/j/j630456/domains/test-wed.kusok-piro.ga/views/layouts/main.php:47
    in /home/users/j/j630456/domains/test-wed.kusok-piro.ga/controllers/SiteController.php:67
2020-10-17 09:09:34 [88.201.189.61][-][-][warning][yii\debug\Module::checkAccess] Access to debugger is denied due to IP address restriction. The requesting IP address is 88.201.189.61
2020-10-17 09:09:34 [88.201.189.61][-][-][info][application] $_GET = []

$_POST = []

$_FILES = []

$_COOKIE = [
    '_csrf' => '06f479efcce2e8ef6b150766b6dc63d5bbf24f54ae67b532db5c1290a580e4e2a:2:{i:0;s:5:\"_csrf\";i:1;s:32:\"hFTUC52ZFsW2BX4pT1s5a8xeIK4Ed39Q\";}'
]

$_SERVER = [
    'REDIRECT_REDIRECT_HTTPS' => 'on'
    'REDIRECT_REDIRECT_downgrade-1_0' => ''
    'REDIRECT_REDIRECT_suppress-error-charset' => ''
    'REDIRECT_REDIRECT_STATUS' => '200'
    'REDIRECT_HTTPS' => 'on'
    'REDIRECT_downgrade-1_0' => ''
    'REDIRECT_suppress-error-charset' => ''
    'REDIRECT_STATUS' => '200'
    'HTTPS' => 'on'
    'downgrade-1_0' => ''
    'suppress-error-charset' => ''
    'HTTP_HOST' => 'test-wed.kusok-piro.ga'
    'HTTP_X_REAL_IP' => '88.201.189.61'
    'HTTP_X_PROTOCOL' => 'HTTP/2.0'
    'HTTP_X_SERVER_IP' => '81.177.6.233'
    'HTTP_X_FORWARDED_FOR' => '88.201.189.61'
    'HTTP_X_FORWARDED_PROTOCOL' => 'https'
    'HTTP_CONNECTION' => 'close'
    'HTTP_USER_AGENT' => 'Mozilla/5.0 (Windows NT 10.0; Win64; x64; rv:81.0) Gecko/20100101 Firefox/81.0'
    'HTTP_ACCEPT' => 'text/html,application/xhtml+xml,application/xml;q=0.9,image/webp,*/*;q=0.8'
    'HTTP_ACCEPT_LANGUAGE' => 'ru-RU,ru;q=0.8,en-US;q=0.5,en;q=0.3'
    'HTTP_ACCEPT_ENCODING' => 'gzip, deflate, br'
    'HTTP_UPGRADE_INSECURE_REQUESTS' => '1'
    'HTTP_CACHE_CONTROL' => 'max-age=0'
    'HTTP_COOKIE' => '_csrf=06f479efcce2e8ef6b150766b6dc63d5bbf24f54ae67b532db5c1290a580e4e2a%3A2%3A%7Bi%3A0%3Bs%3A5%3A%22_csrf%22%3Bi%3A1%3Bs%3A32%3A%22hFTUC52ZFsW2BX4pT1s5a8xeIK4Ed39Q%22%3B%7D'
    'PATH' => '/usr/bin:/bin:/usr/local/bin'
    'SERVER_SIGNATURE' => ''
    'SERVER_SOFTWARE' => 'Apache'
    'SERVER_NAME' => 'test-wed.kusok-piro.ga'
    'SERVER_ADDR' => '81.177.6.233'
    'SERVER_PORT' => '80'
    'REMOTE_ADDR' => '88.201.189.61'
    'DOCUMENT_ROOT' => '/home/users/j/j630456/domains/test-wed.kusok-piro.ga'
    'SERVER_ADMIN' => 'info@jino.ru'
    'SCRIPT_FILENAME' => '/home/users/j/j630456/domains/test-wed.kusok-piro.ga/web/index.php'
    'REMOTE_PORT' => '36218'
    'REDIRECT_URL' => '/web/album/'
    'GATEWAY_INTERFACE' => 'CGI/1.1'
    'SERVER_PROTOCOL' => 'HTTP/1.0'
    'REQUEST_METHOD' => 'GET'
    'QUERY_STRING' => ''
    'REQUEST_URI' => '/album/'
    'SCRIPT_NAME' => '/web/index.php'
    'PHP_SELF' => '/web/index.php'
    'REQUEST_TIME_FLOAT' => 1602914974.589
    'REQUEST_TIME' => 1602914974
]
2020-10-17 09:09:34 [88.201.189.61][-][-][warning][yii\debug\Module::checkAccess] Access to debugger is denied due to IP address restriction. The requesting IP address is 88.201.189.61
    in /home/users/j/j630456/domains/test-wed.kusok-piro.ga/views/layouts/main.php:47
    in /home/users/j/j630456/domains/test-wed.kusok-piro.ga/controllers/SiteController.php:67
2020-10-17 09:09:34 [88.201.189.61][-][-][warning][yii\debug\Module::checkAccess] Access to debugger is denied due to IP address restriction. The requesting IP address is 88.201.189.61
2020-10-17 09:09:34 [88.201.189.61][-][-][info][application] $_GET = []

$_POST = []

$_FILES = []

$_COOKIE = [
    '_csrf' => '06f479efcce2e8ef6b150766b6dc63d5bbf24f54ae67b532db5c1290a580e4e2a:2:{i:0;s:5:\"_csrf\";i:1;s:32:\"hFTUC52ZFsW2BX4pT1s5a8xeIK4Ed39Q\";}'
]

$_SERVER = [
    'REDIRECT_REDIRECT_dontlog' => '1'
    'REDIRECT_REDIRECT_HTTPS' => 'on'
    'REDIRECT_REDIRECT_downgrade-1_0' => ''
    'REDIRECT_REDIRECT_suppress-error-charset' => ''
    'REDIRECT_REDIRECT_STATUS' => '200'
    'REDIRECT_dontlog' => '1'
    'REDIRECT_HTTPS' => 'on'
    'REDIRECT_downgrade-1_0' => ''
    'REDIRECT_suppress-error-charset' => ''
    'REDIRECT_STATUS' => '200'
    'HTTPS' => 'on'
    'downgrade-1_0' => ''
    'suppress-error-charset' => ''
    'HTTP_HOST' => 'test-wed.kusok-piro.ga'
    'HTTP_X_REAL_IP' => '88.201.189.61'
    'HTTP_X_PROTOCOL' => 'HTTP/2.0'
    'HTTP_X_SERVER_IP' => '81.177.6.233'
    'HTTP_X_FORWARDED_FOR' => '88.201.189.61'
    'HTTP_X_FORWARDED_PROTOCOL' => 'https'
    'HTTP_CONNECTION' => 'close'
    'HTTP_USER_AGENT' => 'Mozilla/5.0 (Windows NT 10.0; Win64; x64; rv:81.0) Gecko/20100101 Firefox/81.0'
    'HTTP_ACCEPT' => 'image/webp,*/*'
    'HTTP_ACCEPT_LANGUAGE' => 'ru-RU,ru;q=0.8,en-US;q=0.5,en;q=0.3'
    'HTTP_ACCEPT_ENCODING' => 'gzip, deflate, br'
    'HTTP_REFERER' => 'https://test-wed.kusok-piro.ga/album/'
    'HTTP_CACHE_CONTROL' => 'max-age=0'
    'HTTP_COOKIE' => '_csrf=06f479efcce2e8ef6b150766b6dc63d5bbf24f54ae67b532db5c1290a580e4e2a%3A2%3A%7Bi%3A0%3Bs%3A5%3A%22_csrf%22%3Bi%3A1%3Bs%3A32%3A%22hFTUC52ZFsW2BX4pT1s5a8xeIK4Ed39Q%22%3B%7D'
    'PATH' => '/usr/bin:/bin:/usr/local/bin'
    'SERVER_SIGNATURE' => ''
    'SERVER_SOFTWARE' => 'Apache'
    'SERVER_NAME' => 'test-wed.kusok-piro.ga'
    'SERVER_ADDR' => '81.177.6.233'
    'SERVER_PORT' => '80'
    'REMOTE_ADDR' => '88.201.189.61'
    'DOCUMENT_ROOT' => '/home/users/j/j630456/domains/test-wed.kusok-piro.ga'
    'SERVER_ADMIN' => 'info@jino.ru'
    'SCRIPT_FILENAME' => '/home/users/j/j630456/domains/test-wed.kusok-piro.ga/web/index.php'
    'REMOTE_PORT' => '36286'
    'REDIRECT_URL' => '/web/album/images/Add_Circle_Plus.png'
    'GATEWAY_INTERFACE' => 'CGI/1.1'
    'SERVER_PROTOCOL' => 'HTTP/1.0'
    'REQUEST_METHOD' => 'GET'
    'QUERY_STRING' => ''
    'REQUEST_URI' => '/album/images/Add_Circle_Plus.png'
    'SCRIPT_NAME' => '/web/index.php'
    'PHP_SELF' => '/web/index.php'
    'REQUEST_TIME_FLOAT' => 1602914974.803
    'REQUEST_TIME' => 1602914974
]
2020-10-17 09:09:37 [88.201.189.61][-][-][warning][yii\debug\Module::checkAccess] Access to debugger is denied due to IP address restriction. The requesting IP address is 88.201.189.61
    in /home/users/j/j630456/domains/test-wed.kusok-piro.ga/views/layouts/main.php:47
    in /home/users/j/j630456/domains/test-wed.kusok-piro.ga/controllers/SiteController.php:67
2020-10-17 09:09:37 [88.201.189.61][-][-][warning][yii\debug\Module::checkAccess] Access to debugger is denied due to IP address restriction. The requesting IP address is 88.201.189.61
2020-10-17 09:09:37 [88.201.189.61][-][-][info][application] $_GET = []

$_POST = []

$_FILES = []

$_COOKIE = [
    '_csrf' => '06f479efcce2e8ef6b150766b6dc63d5bbf24f54ae67b532db5c1290a580e4e2a:2:{i:0;s:5:\"_csrf\";i:1;s:32:\"hFTUC52ZFsW2BX4pT1s5a8xeIK4Ed39Q\";}'
]

$_SERVER = [
    'REDIRECT_HTTPS' => 'on'
    'REDIRECT_downgrade-1_0' => ''
    'REDIRECT_suppress-error-charset' => ''
    'REDIRECT_STATUS' => '200'
    'HTTPS' => 'on'
    'downgrade-1_0' => ''
    'suppress-error-charset' => ''
    'HTTP_HOST' => 'test-wed.kusok-piro.ga'
    'HTTP_X_REAL_IP' => '88.201.189.61'
    'HTTP_X_PROTOCOL' => 'HTTP/2.0'
    'HTTP_X_SERVER_IP' => '81.177.6.233'
    'HTTP_X_FORWARDED_FOR' => '88.201.189.61'
    'HTTP_X_FORWARDED_PROTOCOL' => 'https'
    'HTTP_CONNECTION' => 'close'
    'HTTP_USER_AGENT' => 'Mozilla/5.0 (Windows NT 10.0; Win64; x64; rv:81.0) Gecko/20100101 Firefox/81.0'
    'HTTP_ACCEPT' => 'text/html,application/xhtml+xml,application/xml;q=0.9,image/webp,*/*;q=0.8'
    'HTTP_ACCEPT_LANGUAGE' => 'ru-RU,ru;q=0.8,en-US;q=0.5,en;q=0.3'
    'HTTP_ACCEPT_ENCODING' => 'gzip, deflate, br'
    'HTTP_REFERER' => 'https://test-wed.kusok-piro.ga/album/'
    'HTTP_UPGRADE_INSECURE_REQUESTS' => '1'
    'HTTP_COOKIE' => '_csrf=06f479efcce2e8ef6b150766b6dc63d5bbf24f54ae67b532db5c1290a580e4e2a%3A2%3A%7Bi%3A0%3Bs%3A5%3A%22_csrf%22%3Bi%3A1%3Bs%3A32%3A%22hFTUC52ZFsW2BX4pT1s5a8xeIK4Ed39Q%22%3B%7D'
    'PATH' => '/usr/bin:/bin:/usr/local/bin'
    'SERVER_SIGNATURE' => ''
    'SERVER_SOFTWARE' => 'Apache'
    'SERVER_NAME' => 'test-wed.kusok-piro.ga'
    'SERVER_ADDR' => '81.177.6.233'
    'SERVER_PORT' => '80'
    'REMOTE_ADDR' => '88.201.189.61'
    'DOCUMENT_ROOT' => '/home/users/j/j630456/domains/test-wed.kusok-piro.ga'
    'SERVER_ADMIN' => 'info@jino.ru'
    'SCRIPT_FILENAME' => '/home/users/j/j630456/domains/test-wed.kusok-piro.ga/web/index.php'
    'REMOTE_PORT' => '37104'
    'REDIRECT_URL' => '/'
    'GATEWAY_INTERFACE' => 'CGI/1.1'
    'SERVER_PROTOCOL' => 'HTTP/1.0'
    'REQUEST_METHOD' => 'GET'
    'QUERY_STRING' => ''
    'REQUEST_URI' => '/'
    'SCRIPT_NAME' => '/web/index.php'
    'PHP_SELF' => '/web/index.php'
    'REQUEST_TIME_FLOAT' => 1602914977.635
    'REQUEST_TIME' => 1602914977
]
2020-10-17 09:09:40 [88.201.189.61][-][-][warning][yii\debug\Module::checkAccess] Access to debugger is denied due to IP address restriction. The requesting IP address is 88.201.189.61
    in /home/users/j/j630456/domains/test-wed.kusok-piro.ga/views/layouts/main.php:47
    in /home/users/j/j630456/domains/test-wed.kusok-piro.ga/controllers/SiteController.php:67
2020-10-17 09:09:40 [88.201.189.61][-][-][warning][yii\debug\Module::checkAccess] Access to debugger is denied due to IP address restriction. The requesting IP address is 88.201.189.61
2020-10-17 09:09:40 [88.201.189.61][-][-][info][application] $_GET = []

$_POST = []

$_FILES = []

$_COOKIE = [
    '_csrf' => '06f479efcce2e8ef6b150766b6dc63d5bbf24f54ae67b532db5c1290a580e4e2a:2:{i:0;s:5:\"_csrf\";i:1;s:32:\"hFTUC52ZFsW2BX4pT1s5a8xeIK4Ed39Q\";}'
]

$_SERVER = [
    'REDIRECT_REDIRECT_HTTPS' => 'on'
    'REDIRECT_REDIRECT_downgrade-1_0' => ''
    'REDIRECT_REDIRECT_suppress-error-charset' => ''
    'REDIRECT_REDIRECT_STATUS' => '200'
    'REDIRECT_HTTPS' => 'on'
    'REDIRECT_downgrade-1_0' => ''
    'REDIRECT_suppress-error-charset' => ''
    'REDIRECT_STATUS' => '200'
    'HTTPS' => 'on'
    'downgrade-1_0' => ''
    'suppress-error-charset' => ''
    'HTTP_HOST' => 'test-wed.kusok-piro.ga'
    'HTTP_X_REAL_IP' => '88.201.189.61'
    'HTTP_X_PROTOCOL' => 'HTTP/2.0'
    'HTTP_X_SERVER_IP' => '81.177.6.233'
    'HTTP_X_FORWARDED_FOR' => '88.201.189.61'
    'HTTP_X_FORWARDED_PROTOCOL' => 'https'
    'HTTP_CONNECTION' => 'close'
    'HTTP_USER_AGENT' => 'Mozilla/5.0 (Windows NT 10.0; Win64; x64; rv:81.0) Gecko/20100101 Firefox/81.0'
    'HTTP_ACCEPT' => 'text/html,application/xhtml+xml,application/xml;q=0.9,image/webp,*/*;q=0.8'
    'HTTP_ACCEPT_LANGUAGE' => 'ru-RU,ru;q=0.8,en-US;q=0.5,en;q=0.3'
    'HTTP_ACCEPT_ENCODING' => 'gzip, deflate, br'
    'HTTP_REFERER' => 'https://test-wed.kusok-piro.ga/'
    'HTTP_UPGRADE_INSECURE_REQUESTS' => '1'
    'HTTP_COOKIE' => '_csrf=06f479efcce2e8ef6b150766b6dc63d5bbf24f54ae67b532db5c1290a580e4e2a%3A2%3A%7Bi%3A0%3Bs%3A5%3A%22_csrf%22%3Bi%3A1%3Bs%3A32%3A%22hFTUC52ZFsW2BX4pT1s5a8xeIK4Ed39Q%22%3B%7D'
    'PATH' => '/usr/bin:/bin:/usr/local/bin'
    'SERVER_SIGNATURE' => ''
    'SERVER_SOFTWARE' => 'Apache'
    'SERVER_NAME' => 'test-wed.kusok-piro.ga'
    'SERVER_ADDR' => '81.177.6.233'
    'SERVER_PORT' => '80'
    'REMOTE_ADDR' => '88.201.189.61'
    'DOCUMENT_ROOT' => '/home/users/j/j630456/domains/test-wed.kusok-piro.ga'
    'SERVER_ADMIN' => 'info@jino.ru'
    'SCRIPT_FILENAME' => '/home/users/j/j630456/domains/test-wed.kusok-piro.ga/web/index.php'
    'REMOTE_PORT' => '37350'
    'REDIRECT_URL' => '/web/album/'
    'GATEWAY_INTERFACE' => 'CGI/1.1'
    'SERVER_PROTOCOL' => 'HTTP/1.0'
    'REQUEST_METHOD' => 'GET'
    'QUERY_STRING' => ''
    'REQUEST_URI' => '/album/'
    'SCRIPT_NAME' => '/web/index.php'
    'PHP_SELF' => '/web/index.php'
    'REQUEST_TIME_FLOAT' => 1602914980.084
    'REQUEST_TIME' => 1602914980
]
2020-10-17 09:09:40 [88.201.189.61][-][-][warning][yii\debug\Module::checkAccess] Access to debugger is denied due to IP address restriction. The requesting IP address is 88.201.189.61
    in /home/users/j/j630456/domains/test-wed.kusok-piro.ga/views/layouts/main.php:47
    in /home/users/j/j630456/domains/test-wed.kusok-piro.ga/controllers/SiteController.php:67
2020-10-17 09:09:40 [88.201.189.61][-][-][warning][yii\debug\Module::checkAccess] Access to debugger is denied due to IP address restriction. The requesting IP address is 88.201.189.61
2020-10-17 09:09:40 [88.201.189.61][-][-][info][application] $_GET = []

$_POST = []

$_FILES = []

$_COOKIE = [
    '_csrf' => '06f479efcce2e8ef6b150766b6dc63d5bbf24f54ae67b532db5c1290a580e4e2a:2:{i:0;s:5:\"_csrf\";i:1;s:32:\"hFTUC52ZFsW2BX4pT1s5a8xeIK4Ed39Q\";}'
]

$_SERVER = [
    'REDIRECT_REDIRECT_dontlog' => '1'
    'REDIRECT_REDIRECT_HTTPS' => 'on'
    'REDIRECT_REDIRECT_downgrade-1_0' => ''
    'REDIRECT_REDIRECT_suppress-error-charset' => ''
    'REDIRECT_REDIRECT_STATUS' => '200'
    'REDIRECT_dontlog' => '1'
    'REDIRECT_HTTPS' => 'on'
    'REDIRECT_downgrade-1_0' => ''
    'REDIRECT_suppress-error-charset' => ''
    'REDIRECT_STATUS' => '200'
    'HTTPS' => 'on'
    'downgrade-1_0' => ''
    'suppress-error-charset' => ''
    'HTTP_HOST' => 'test-wed.kusok-piro.ga'
    'HTTP_X_REAL_IP' => '88.201.189.61'
    'HTTP_X_PROTOCOL' => 'HTTP/2.0'
    'HTTP_X_SERVER_IP' => '81.177.6.233'
    'HTTP_X_FORWARDED_FOR' => '88.201.189.61'
    'HTTP_X_FORWARDED_PROTOCOL' => 'https'
    'HTTP_CONNECTION' => 'close'
    'HTTP_USER_AGENT' => 'Mozilla/5.0 (Windows NT 10.0; Win64; x64; rv:81.0) Gecko/20100101 Firefox/81.0'
    'HTTP_ACCEPT' => 'image/webp,*/*'
    'HTTP_ACCEPT_LANGUAGE' => 'ru-RU,ru;q=0.8,en-US;q=0.5,en;q=0.3'
    'HTTP_ACCEPT_ENCODING' => 'gzip, deflate, br'
    'HTTP_REFERER' => 'https://test-wed.kusok-piro.ga/album/'
    'HTTP_COOKIE' => '_csrf=06f479efcce2e8ef6b150766b6dc63d5bbf24f54ae67b532db5c1290a580e4e2a%3A2%3A%7Bi%3A0%3Bs%3A5%3A%22_csrf%22%3Bi%3A1%3Bs%3A32%3A%22hFTUC52ZFsW2BX4pT1s5a8xeIK4Ed39Q%22%3B%7D'
    'PATH' => '/usr/bin:/bin:/usr/local/bin'
    'SERVER_SIGNATURE' => ''
    'SERVER_SOFTWARE' => 'Apache'
    'SERVER_NAME' => 'test-wed.kusok-piro.ga'
    'SERVER_ADDR' => '81.177.6.233'
    'SERVER_PORT' => '80'
    'REMOTE_ADDR' => '88.201.189.61'
    'DOCUMENT_ROOT' => '/home/users/j/j630456/domains/test-wed.kusok-piro.ga'
    'SERVER_ADMIN' => 'info@jino.ru'
    'SCRIPT_FILENAME' => '/home/users/j/j630456/domains/test-wed.kusok-piro.ga/web/index.php'
    'REMOTE_PORT' => '37402'
    'REDIRECT_URL' => '/web/album/images/Add_Circle_Plus.png'
    'GATEWAY_INTERFACE' => 'CGI/1.1'
    'SERVER_PROTOCOL' => 'HTTP/1.0'
    'REQUEST_METHOD' => 'GET'
    'QUERY_STRING' => ''
    'REQUEST_URI' => '/album/images/Add_Circle_Plus.png'
    'SCRIPT_NAME' => '/web/index.php'
    'PHP_SELF' => '/web/index.php'
    'REQUEST_TIME_FLOAT' => 1602914980.316
    'REQUEST_TIME' => 1602914980
]
